2025-06-30 20:37:54,868 [INFO] Activator:176 - 


2025-06-30 20:37:54,873 [INFO] Activator:177 - !SESSION log4j initialized
2025-06-30 20:37:55,285 [ERROR] LogOutputStream:75 - [STDERR_REDIRECT] Warning: NLS unused message: ComplianceConfigurationBlock_version11 in: org.eclipse.jdt.internal.ui.preferences.PreferencesMessages
2025-06-30 20:37:55,288 [ERROR] LogOutputStream:75 - [STDERR_REDIRECT] Warning: NLS unused message: ComplianceConfigurationBlock_version12 in: org.eclipse.jdt.internal.ui.preferences.PreferencesMessages
2025-06-30 20:37:55,290 [ERROR] LogOutputStream:75 - [STDERR_REDIRECT] Warning: NLS unused message: ComplianceConfigurationBlock_version13 in: org.eclipse.jdt.internal.ui.preferences.PreferencesMessages
2025-06-30 20:37:55,292 [ERROR] LogOutputStream:75 - [STDERR_REDIRECT] Warning: NLS unused message: ComplianceConfigurationBlock_version14 in: org.eclipse.jdt.internal.ui.preferences.PreferencesMessages
2025-06-30 20:37:55,294 [ERROR] LogOutputStream:75 - [STDERR_REDIRECT] Warning: NLS unused message: ComplianceConfigurationBlock_version15 in: org.eclipse.jdt.internal.ui.preferences.PreferencesMessages
2025-06-30 20:37:55,295 [ERROR] LogOutputStream:75 - [STDERR_REDIRECT] Warning: NLS unused message: ComplianceConfigurationBlock_version9 in: org.eclipse.jdt.internal.ui.preferences.PreferencesMessages
2025-06-30 20:37:55,297 [ERROR] LogOutputStream:75 - [STDERR_REDIRECT] Warning: NLS unused message: ComplianceConfigurationBlock_version10 in: org.eclipse.jdt.internal.ui.preferences.PreferencesMessages
2025-06-30 20:37:55,299 [ERROR] LogOutputStream:75 - [STDERR_REDIRECT] Warning: NLS unused message: ComplianceConfigurationBlock_codegen_inline_jsr_bytecode_label in: org.eclipse.jdt.internal.ui.preferences.PreferencesMessages
2025-06-30 20:37:55,301 [ERROR] LogOutputStream:75 - [STDERR_REDIRECT] Warning: NLS unused message: ComplianceConfigurationBlock_pb_assert_as_identifier_label in: org.eclipse.jdt.internal.ui.preferences.PreferencesMessages
2025-06-30 20:37:55,303 [ERROR] LogOutputStream:75 - [STDERR_REDIRECT] Warning: NLS unused message: ComplianceConfigurationBlock_pb_enum_as_identifier_label in: org.eclipse.jdt.internal.ui.preferences.PreferencesMessages
2025-06-30 20:37:55,307 [ERROR] LogOutputStream:75 - [STDERR_REDIRECT] Warning: NLS unused message: ComplianceConfigurationBlock_cldc11_requires_source13_compliance_se14 in: org.eclipse.jdt.internal.ui.preferences.PreferencesMessages
2025-06-30 20:37:55,312 [ERROR] LogOutputStream:75 - [STDERR_REDIRECT] Warning: NLS unused message: CodeAssistConfigurationBlock_matchSubstring_label in: org.eclipse.jdt.internal.ui.preferences.PreferencesMessages
2025-06-30 20:37:55,337 [ERROR] LogOutputStream:75 - [STDERR_REDIRECT] Warning: NLS unused message: ProblemMarkerManager_problem_marker_update_job_description in: org.eclipse.jdt.internal.ui.JavaUIMessages
2025-06-30 20:37:55,339 [ERROR] LogOutputStream:75 - [STDERR_REDIRECT] Warning: NLS unused message: FilteredTypesSelectionDialog_default_package in: org.eclipse.jdt.internal.ui.JavaUIMessages
2025-06-30 20:37:55,340 [ERROR] LogOutputStream:75 - [STDERR_REDIRECT] Warning: NLS unused message: FilteredTypeSelectionDialog_showContainerForDuplicatesAction in: org.eclipse.jdt.internal.ui.JavaUIMessages
2025-06-30 20:37:55,342 [ERROR] LogOutputStream:75 - [STDERR_REDIRECT] Warning: NLS unused message: JavaElementLabels_anonym in: org.eclipse.jdt.internal.ui.JavaUIMessages
2025-06-30 20:37:55,343 [ERROR] LogOutputStream:75 - [STDERR_REDIRECT] Warning: NLS unused message: JavaElementLabels_concat_string in: org.eclipse.jdt.internal.ui.JavaUIMessages
2025-06-30 20:37:55,345 [ERROR] LogOutputStream:75 - [STDERR_REDIRECT] Warning: NLS unused message: JavaElementLabels_comma_string in: org.eclipse.jdt.internal.ui.JavaUIMessages
2025-06-30 20:37:55,347 [ERROR] LogOutputStream:75 - [STDERR_REDIRECT] Warning: NLS unused message: JavaElementLabels_declseparator_string in: org.eclipse.jdt.internal.ui.JavaUIMessages
2025-06-30 20:37:55,348 [ERROR] LogOutputStream:75 - [STDERR_REDIRECT] Warning: NLS unused message: JavaElementLabels_category_separator_string in: org.eclipse.jdt.internal.ui.JavaUIMessages
2025-06-30 20:37:55,349 [ERROR] LogOutputStream:75 - [STDERR_REDIRECT] Warning: NLS unused message: JavaElementLabels_import_container in: org.eclipse.jdt.internal.ui.JavaUIMessages
2025-06-30 20:37:55,537 [ERROR] LogOutputStream:75 - [STDERR_REDIRECT] Warning: NLS unused message: FindReplace_title in: org.eclipse.ui.texteditor.EditorMessages
2025-06-30 20:37:55,538 [ERROR] LogOutputStream:75 - [STDERR_REDIRECT] Warning: NLS unused message: FindReplace_Find_label in: org.eclipse.ui.texteditor.EditorMessages
2025-06-30 20:37:55,540 [ERROR] LogOutputStream:75 - [STDERR_REDIRECT] Warning: NLS unused message: FindReplace_Replace_label in: org.eclipse.ui.texteditor.EditorMessages
2025-06-30 20:37:55,544 [ERROR] LogOutputStream:75 - [STDERR_REDIRECT] Warning: NLS unused message: FindReplace_Direction in: org.eclipse.ui.texteditor.EditorMessages
2025-06-30 20:37:55,549 [ERROR] LogOutputStream:75 - [STDERR_REDIRECT] Warning: NLS unused message: FindReplace_ForwardRadioButton_label in: org.eclipse.ui.texteditor.EditorMessages
2025-06-30 20:37:55,551 [ERROR] LogOutputStream:75 - [STDERR_REDIRECT] Warning: NLS unused message: FindReplace_BackwardRadioButton_label in: org.eclipse.ui.texteditor.EditorMessages
2025-06-30 20:37:55,553 [ERROR] LogOutputStream:75 - [STDERR_REDIRECT] Warning: NLS unused message: FindReplace_Scope in: org.eclipse.ui.texteditor.EditorMessages
2025-06-30 20:37:55,555 [ERROR] LogOutputStream:75 - [STDERR_REDIRECT] Warning: NLS unused message: FindReplace_GlobalRadioButton_label in: org.eclipse.ui.texteditor.EditorMessages
2025-06-30 20:37:55,557 [ERROR] LogOutputStream:75 - [STDERR_REDIRECT] Warning: NLS unused message: FindReplace_SelectedRangeRadioButton_label in: org.eclipse.ui.texteditor.EditorMessages
2025-06-30 20:37:55,559 [ERROR] LogOutputStream:75 - [STDERR_REDIRECT] Warning: NLS unused message: FindReplace_Options in: org.eclipse.ui.texteditor.EditorMessages
2025-06-30 20:37:55,560 [ERROR] LogOutputStream:75 - [STDERR_REDIRECT] Warning: NLS unused message: FindReplace_CaseCheckBox_label in: org.eclipse.ui.texteditor.EditorMessages
2025-06-30 20:37:55,562 [ERROR] LogOutputStream:75 - [STDERR_REDIRECT] Warning: NLS unused message: FindReplace_WrapCheckBox_label in: org.eclipse.ui.texteditor.EditorMessages
2025-06-30 20:37:55,563 [ERROR] LogOutputStream:75 - [STDERR_REDIRECT] Warning: NLS unused message: FindReplace_WholeWordCheckBox_label in: org.eclipse.ui.texteditor.EditorMessages
2025-06-30 20:37:55,565 [ERROR] LogOutputStream:75 - [STDERR_REDIRECT] Warning: NLS unused message: FindReplace_IncrementalCheckBox_label in: org.eclipse.ui.texteditor.EditorMessages
2025-06-30 20:37:55,567 [ERROR] LogOutputStream:75 - [STDERR_REDIRECT] Warning: NLS unused message: FindReplace_RegExCheckbox_label in: org.eclipse.ui.texteditor.EditorMessages
2025-06-30 20:37:55,570 [ERROR] LogOutputStream:75 - [STDERR_REDIRECT] Warning: NLS unused message: FindReplace_FindNextButton_label in: org.eclipse.ui.texteditor.EditorMessages
2025-06-30 20:37:55,572 [ERROR] LogOutputStream:75 - [STDERR_REDIRECT] Warning: NLS unused message: FindReplace_ReplaceFindButton_label in: org.eclipse.ui.texteditor.EditorMessages
2025-06-30 20:37:55,573 [ERROR] LogOutputStream:75 - [STDERR_REDIRECT] Warning: NLS unused message: FindReplace_ReplaceSelectionButton_label in: org.eclipse.ui.texteditor.EditorMessages
2025-06-30 20:37:55,575 [ERROR] LogOutputStream:75 - [STDERR_REDIRECT] Warning: NLS unused message: FindReplace_ReplaceAllButton_label in: org.eclipse.ui.texteditor.EditorMessages
2025-06-30 20:37:55,576 [ERROR] LogOutputStream:75 - [STDERR_REDIRECT] Warning: NLS unused message: FindReplace_CloseButton_label in: org.eclipse.ui.texteditor.EditorMessages
2025-06-30 20:37:55,578 [ERROR] LogOutputStream:75 - [STDERR_REDIRECT] Warning: NLS unused message: FindReplace_Status_replacements_label in: org.eclipse.ui.texteditor.EditorMessages
2025-06-30 20:37:55,580 [ERROR] LogOutputStream:75 - [STDERR_REDIRECT] Warning: NLS unused message: FindReplace_Status_wrapped_label in: org.eclipse.ui.texteditor.EditorMessages
2025-06-30 20:37:55,726 [ERROR] LogOutputStream:75 - [STDERR_REDIRECT] Warning: NLS unused message: FileDocumentProvider_getPersistedEncoding in: org.eclipse.ui.editors.text.TextEditorMessages
2025-06-30 20:37:57,577 [ERROR] LogOutputStream:75 - [STDERR_REDIRECT] Warning: NLS unused message: TextSearchVisitor_progress_updating_job in: org.eclipse.search.internal.ui.SearchMessages
2025-06-30 20:37:57,579 [ERROR] LogOutputStream:75 - [STDERR_REDIRECT] Warning: NLS unused message: SearchPageSelectionDialog_rememberLastUsedPage_message in: org.eclipse.search.internal.ui.SearchMessages
2025-06-30 20:37:59,066 [ERROR] LogOutputStream:75 - [STDERR_REDIRECT] Warning: NLS unused message: ActivitiesPreferencePage_advancedDialogTitle in: org.eclipse.ui.internal.activities.ws.messages
2025-06-30 20:37:59,067 [ERROR] LogOutputStream:75 - [STDERR_REDIRECT] Warning: NLS unused message: ActivitiesPreferencePage_advancedButton in: org.eclipse.ui.internal.activities.ws.messages
2025-06-30 20:37:59,544 [INFO] LogOutputStream:77 - [STDOUT_REDIRECT] 
2025-06-30 20:37:59,916 [ERROR] LogOutputStream:75 - [STDERR_REDIRECT] Warning: NLS unused message: ShowInNavigatorView_label in: org.eclipse.jdt.internal.ui.actions.ActionMessages
2025-06-30 20:37:59,918 [ERROR] LogOutputStream:75 - [STDERR_REDIRECT] Warning: NLS unused message: ShowInNavigatorView_dialog_title in: org.eclipse.jdt.internal.ui.actions.ActionMessages
2025-06-30 20:37:59,919 [ERROR] LogOutputStream:75 - [STDERR_REDIRECT] Warning: NLS unused message: ShowInNavigatorView_dialog_message in: org.eclipse.jdt.internal.ui.actions.ActionMessages
2025-06-30 20:37:59,921 [ERROR] LogOutputStream:75 - [STDERR_REDIRECT] Warning: NLS unused message: ShowInNavigatorView_error_activation_failed in: org.eclipse.jdt.internal.ui.actions.ActionMessages
2025-06-30 20:37:59,924 [ERROR] LogOutputStream:75 - [STDERR_REDIRECT] Warning: NLS unused message: OrganizeImportsAction_error_message in: org.eclipse.jdt.internal.ui.actions.ActionMessages
2025-06-30 20:38:01,462 [INFO] ApplicationProperties:184 - Using Application install path: C:\ST\STM32CubeIDE_1.18.1\STM32CubeIDE\plugins\com.st.stm32cube.common.mx_6.14.1.202504091515
2025-06-30 20:38:01,479 [INFO] DbMcusXml:78 - Set database path to: C:\ST\STM32CubeIDE_1.18.1\STM32CubeIDE\plugins\com.st.stm32cube.common.mx_6.14.1.202504091515\\db\/mcu/
2025-06-30 20:38:01,479 [INFO] ApiDb:274 - Set plugin database path to: C:\ST\STM32CubeIDE_1.18.1\STM32CubeIDE\plugins\com.st.stm32cube.common.mx_6.14.1.202504091515\\db\/plugins/boardmanager/
2025-06-30 20:38:01,479 [WARN] ApiDb:259 - Overriding images path with different value:  => C:\ST\STM32CubeIDE_1.18.1\STM32CubeIDE\plugins\com.st.stm32cube.common.mx_6.14.1.202504091515\\db\/plugins/mcufinder/images/
2025-06-30 20:38:01,484 [INFO] ApiDb:250 - Set database path to: C:\Users\刘廷波\.stmcufinder\plugins\mcufinder//mcu/
2025-06-30 20:38:01,485 [INFO] DbMcusAds:125 - Set database path to: C:\Users\刘廷波\.stmcufinder\plugins\mcufinder//mcu/
2025-06-30 20:38:01,488 [INFO] CrossReferenceDbSqlite:203 - Set database path to: C:\Users\刘廷波\.stmcufinder\plugins\mcufinder//mcu/cs/
2025-06-30 20:38:01,591 [INFO] RulesReader:64 - Compatibility file has been processed (302 Rules)
2025-06-30 20:38:01,668 [INFO] DbMcusXml:78 - Set database path to: C:\ST\STM32CubeIDE_1.18.1\STM32CubeIDE\plugins\com.st.stm32cube.common.mx_6.14.1.202504091515\\db\/mcu/
2025-06-30 20:38:01,668 [INFO] ApiDb:274 - Set plugin database path to: C:\ST\STM32CubeIDE_1.18.1\STM32CubeIDE\plugins\com.st.stm32cube.common.mx_6.14.1.202504091515\\db\/plugins/boardmanager/
2025-06-30 20:38:01,668 [INFO] ApiDb:261 - Set plugin images path to: C:\ST\STM32CubeIDE_1.18.1\STM32CubeIDE\plugins\com.st.stm32cube.common.mx_6.14.1.202504091515\\db\/plugins/mcufinder/images/
2025-06-30 20:38:01,668 [WARN] DbFile:41 - Overriding database path with different value: C:\Users\刘廷波\.stmcufinder\plugins\mcufinder/ => C:\Users\刘廷波\.stmcufinder\plugins\mcufinder
2025-06-30 20:38:01,668 [INFO] ApiDb:250 - Set database path to: C:\Users\刘廷波\.stmcufinder\plugins\mcufinder//mcu/
2025-06-30 20:38:01,669 [WARN] DbFile:41 - Overriding database path with different value: C:\Users\刘廷波\.stmcufinder\plugins\mcufinder/ => C:\Users\刘廷波\.stmcufinder\plugins\mcufinder
2025-06-30 20:38:01,669 [INFO] DbMcusAds:125 - Set database path to: C:\Users\刘廷波\.stmcufinder\plugins\mcufinder//mcu/
2025-06-30 20:38:01,669 [WARN] DbFile:41 - Overriding database path with different value: C:\Users\刘廷波\.stmcufinder\plugins\mcufinder/ => C:\Users\刘廷波\.stmcufinder\plugins\mcufinder
2025-06-30 20:38:01,669 [WARN] DbFile:41 - Overriding database path with different value: C:\Users\刘廷波\.stmcufinder\plugins\mcufinder/ => C:\Users\刘廷波\.stmcufinder\plugins\mcufinder
2025-06-30 20:38:01,669 [INFO] CrossReferenceDbSqlite:203 - Set database path to: C:\Users\刘廷波\.stmcufinder\plugins\mcufinder//mcu/cs/
2025-06-30 20:38:01,746 [INFO] MainPanel:272 - HeapMemory: 270532608
2025-06-30 20:38:01,845 [INFO] DbMcusXml:78 - Set database path to: C:\ST\STM32CubeIDE_1.18.1\STM32CubeIDE\plugins\com.st.stm32cube.common.mx_6.14.1.202504091515\\db\/mcu/
2025-06-30 20:38:01,845 [INFO] ApiDb:274 - Set plugin database path to: C:\ST\STM32CubeIDE_1.18.1\STM32CubeIDE\plugins\com.st.stm32cube.common.mx_6.14.1.202504091515\\db\/plugins/boardmanager/
2025-06-30 20:38:01,845 [INFO] ApiDb:261 - Set plugin images path to: C:\ST\STM32CubeIDE_1.18.1\STM32CubeIDE\plugins\com.st.stm32cube.common.mx_6.14.1.202504091515\\db\/plugins/mcufinder/images/
2025-06-30 20:38:01,846 [WARN] DbFile:41 - Overriding database path with different value: C:\Users\刘廷波\.stmcufinder\plugins\mcufinder/ => C:\Users\刘廷波\.stmcufinder\plugins\mcufinder
2025-06-30 20:38:01,846 [INFO] ApiDb:250 - Set database path to: C:\Users\刘廷波\.stmcufinder\plugins\mcufinder//mcu/
2025-06-30 20:38:01,846 [WARN] DbFile:41 - Overriding database path with different value: C:\Users\刘廷波\.stmcufinder\plugins\mcufinder/ => C:\Users\刘廷波\.stmcufinder\plugins\mcufinder
2025-06-30 20:38:01,846 [INFO] DbMcusAds:125 - Set database path to: C:\Users\刘廷波\.stmcufinder\plugins\mcufinder//mcu/
2025-06-30 20:38:01,846 [WARN] DbFile:41 - Overriding database path with different value: C:\Users\刘廷波\.stmcufinder\plugins\mcufinder/ => C:\Users\刘廷波\.stmcufinder\plugins\mcufinder
2025-06-30 20:38:01,846 [WARN] DbFile:41 - Overriding database path with different value: C:\Users\刘廷波\.stmcufinder\plugins\mcufinder/ => C:\Users\刘廷波\.stmcufinder\plugins\mcufinder
2025-06-30 20:38:01,846 [INFO] CrossReferenceDbSqlite:203 - Set database path to: C:\Users\刘廷波\.stmcufinder\plugins\mcufinder//mcu/cs/
2025-06-30 20:38:01,860 [INFO] ApplicationProperties:184 - Using Application install path: C:\ST\STM32CubeIDE_1.18.1\STM32CubeIDE\plugins\com.st.stm32cube.common.mx_6.14.1.202504091515
2025-06-30 20:38:01,861 [INFO] PluginManage:196 - Search for loadable plugins [exclusion list=, ]
2025-06-30 20:38:01,862 [INFO] PluginManage:310 - Check plugin analytics
2025-06-30 20:38:02,045 [INFO] AnalyticsPlugin:253 - Accepted Software Licenses: STM32CubeMX.6.14.1
2025-06-30 20:38:02,045 [INFO] AnalyticsPlugin:255 - Accepted CMSIS Pack Licenses: 
2025-06-30 20:38:02,046 [INFO] AnalyticsPlugin:257 - Accepted Firmware Licenses: FW.F4.1.28.0,FW.H7.1.12.0,FW.F4.1.27.0
2025-06-30 20:38:02,050 [INFO] PluginManage:359 - Loaded plugin analytics (category:tool,tabindex:-1)
2025-06-30 20:38:02,050 [INFO] PluginManage:310 - Check plugin cadmodel
2025-06-30 20:38:02,058 [INFO] CADModel:105 - Init CAD model plugin
2025-06-30 20:38:02,058 [INFO] PluginManage:359 - Loaded plugin cadmodel (category:power,tabindex:5)
2025-06-30 20:38:02,059 [INFO] PluginManage:310 - Check plugin clock
2025-06-30 20:38:02,075 [INFO] PluginManage:359 - Loaded plugin clock (category:base,tabindex:2)
2025-06-30 20:38:02,075 [INFO] PluginManage:310 - Check plugin ddr
2025-06-30 20:38:02,080 [INFO] PluginManage:359 - Loaded plugin ddr (category:tool,tabindex:6)
2025-06-30 20:38:02,081 [INFO] PluginManage:310 - Check plugin filemanager
2025-06-30 20:38:02,216 [INFO] PluginManage:359 - Loaded plugin filemanager (category:base,tabindex:10)
2025-06-30 20:38:02,216 [INFO] PluginManage:310 - Check plugin ipmanager
2025-06-30 20:38:02,222 [INFO] PluginManage:359 - Loaded plugin ipmanager (category:base,tabindex:5)
2025-06-30 20:38:02,222 [INFO] PluginManage:310 - Check plugin lpbam
2025-06-30 20:38:02,229 [INFO] PluginManage:359 - Loaded plugin lpbam (category:base,tabindex:0)
2025-06-30 20:38:02,229 [INFO] PluginManage:310 - Check plugin memorymap
2025-06-30 20:38:02,239 [INFO] PluginManage:359 - Loaded plugin memorymap (category:base,tabindex:4)
2025-06-30 20:38:02,240 [INFO] PluginManage:310 - Check plugin pinoutandconfiguration
2025-06-30 20:38:02,247 [INFO] PluginManage:359 - Loaded plugin pinoutandconfiguration (category:base,tabindex:1)
2025-06-30 20:38:02,248 [INFO] PluginManage:310 - Check plugin pinoutconfig
2025-06-30 20:38:02,328 [WARN] SupportedApi:132 - Cannot load RTOS API schema: s4s-elt-must-match.1: The content of 'definitions' must match (annotation?, (simpleType | complexType)?, (unique | key | keyref)*)). A problem was found starting at: attribute.
2025-06-30 20:38:02,445 [INFO] PluginManage:359 - Loaded plugin pinoutconfig (category:base,tabindex:0)
2025-06-30 20:38:02,446 [INFO] PluginManage:310 - Check plugin power
2025-06-30 20:38:02,456 [INFO] PluginManage:359 - Loaded plugin power (category:power,tabindex:4)
2025-06-30 20:38:02,456 [INFO] PluginManage:310 - Check plugin projectmanager
2025-06-30 20:38:02,470 [INFO] PluginManage:359 - Loaded plugin projectmanager (category:projectmanager,tabindex:4)
2025-06-30 20:38:02,470 [INFO] PluginManage:310 - Check plugin rif
2025-06-30 20:38:02,477 [INFO] PluginManage:359 - Loaded plugin rif (category:base,tabindex:3)
2025-06-30 20:38:02,477 [INFO] PluginManage:310 - Check plugin thirdparty
2025-06-30 20:38:02,599 [WARN] IntegrityCheckThread:84 - waiting for thirdparty lock release [integrity check]
2025-06-30 20:38:02,599 [INFO] IntegrityCheckThread:86 - entering critical section [integrity check]
2025-06-30 20:38:02,600 [INFO] ThirdPartyUpdaterWithRetryManager:70 - Updater plugin not ready yet. [1/15]
2025-06-30 20:38:02,600 [INFO] PluginManage:359 - Loaded plugin thirdparty (category:base,tabindex:-1)
2025-06-30 20:38:02,600 [INFO] PluginManage:310 - Check plugin tools
2025-06-30 20:38:02,604 [INFO] PluginManage:359 - Loaded plugin tools (category:base,tabindex:7)
2025-06-30 20:38:02,604 [INFO] PluginManage:310 - Check plugin tutovideos
2025-06-30 20:38:02,742 [INFO] PluginManage:359 - Loaded plugin tutovideos (category:base,tabindex:-1)
2025-06-30 20:38:02,742 [INFO] PluginManage:310 - Check plugin updater
2025-06-30 20:38:02,761 [INFO] PluginManage:359 - Loaded plugin updater (category:base,tabindex:12)
2025-06-30 20:38:02,761 [INFO] PluginManage:310 - Check plugin userauth
2025-06-30 20:38:02,766 [INFO] UserAuth:118 - Init User Auth plugin
2025-06-30 20:38:02,767 [INFO] PluginManage:359 - Loaded plugin userauth (category:base,tabindex:14)
2025-06-30 20:38:02,767 [INFO] PluginManage:283 - PluginManage : Loaded plugins [18]
2025-06-30 20:38:02,929 [INFO] PinOutPanel:1589 - setPackage(No Configuration,No Configuration)
2025-06-30 20:38:02,995 [INFO] CADModel:165 - CPN selected for project level
2025-06-30 20:38:02,996 [INFO] CADModel:114 - Register for checkConnection events
2025-06-30 20:38:03,011 [INFO] IPUIPlugin:80 - create IPUIPlugin
2025-06-30 20:38:03,011 [INFO] PluginManager:220 - loadIPPluginJar : add adc
2025-06-30 20:38:03,014 [INFO] IPUIPlugin:80 - create IPUIPlugin
2025-06-30 20:38:03,014 [INFO] PluginManager:220 - loadIPPluginJar : add aes
2025-06-30 20:38:03,016 [INFO] IPUIPlugin:80 - create IPUIPlugin
2025-06-30 20:38:03,016 [INFO] PluginManager:220 - loadIPPluginJar : add can
2025-06-30 20:38:03,019 [INFO] IPUIPlugin:80 - create IPUIPlugin
2025-06-30 20:38:03,019 [INFO] PluginManager:220 - loadIPPluginJar : add comp
2025-06-30 20:38:03,022 [INFO] IPUIPlugin:80 - create IPUIPlugin
2025-06-30 20:38:03,022 [INFO] PluginManager:220 - loadIPPluginJar : add cryp
2025-06-30 20:38:03,024 [INFO] IPUIPlugin:80 - create IPUIPlugin
2025-06-30 20:38:03,024 [INFO] PluginManager:220 - loadIPPluginJar : add ddr_ctrl_phy
2025-06-30 20:38:03,027 [INFO] IPUIPlugin:80 - create IPUIPlugin
2025-06-30 20:38:03,027 [INFO] PluginManager:220 - loadIPPluginJar : add dfsdm
2025-06-30 20:38:03,031 [INFO] IPUIPlugin:80 - create IPUIPlugin
2025-06-30 20:38:03,032 [INFO] PluginManager:220 - loadIPPluginJar : add dma
2025-06-30 20:38:03,034 [INFO] IPUIPlugin:80 - create IPUIPlugin
2025-06-30 20:38:03,034 [INFO] PluginManager:220 - loadIPPluginJar : add dma3
2025-06-30 20:38:03,037 [INFO] IPUIPlugin:80 - create IPUIPlugin
2025-06-30 20:38:03,037 [INFO] PluginManager:220 - loadIPPluginJar : add extmemmanager
2025-06-30 20:38:03,041 [INFO] IPUIPlugin:80 - create IPUIPlugin
2025-06-30 20:38:03,041 [INFO] PluginManager:220 - loadIPPluginJar : add fatfs
2025-06-30 20:38:03,045 [INFO] IPUIPlugin:80 - create IPUIPlugin
2025-06-30 20:38:03,045 [INFO] PluginManager:220 - loadIPPluginJar : add fmc
2025-06-30 20:38:03,051 [INFO] IPUIPlugin:80 - create IPUIPlugin
2025-06-30 20:38:03,051 [INFO] PluginManager:220 - loadIPPluginJar : add freertos
2025-06-30 20:38:03,053 [INFO] IPUIPlugin:80 - create IPUIPlugin
2025-06-30 20:38:03,053 [INFO] PluginManager:220 - loadIPPluginJar : add genericplugin
2025-06-30 20:38:03,054 [INFO] IPUIPlugin:80 - create IPUIPlugin
2025-06-30 20:38:03,054 [INFO] PluginManager:220 - loadIPPluginJar : add gfxmmu
2025-06-30 20:38:03,058 [INFO] IPUIPlugin:80 - create IPUIPlugin
2025-06-30 20:38:03,058 [INFO] PluginManager:220 - loadIPPluginJar : add gic
2025-06-30 20:38:03,061 [INFO] IPUIPlugin:80 - create IPUIPlugin
2025-06-30 20:38:03,061 [INFO] PluginManager:220 - loadIPPluginJar : add gpio
2025-06-30 20:38:03,063 [INFO] IPUIPlugin:80 - create IPUIPlugin
2025-06-30 20:38:03,063 [INFO] PluginManager:220 - loadIPPluginJar : add gtzc
2025-06-30 20:38:03,065 [INFO] IPUIPlugin:80 - create IPUIPlugin
2025-06-30 20:38:03,065 [INFO] PluginManager:220 - loadIPPluginJar : add hash
2025-06-30 20:38:03,066 [INFO] IPUIPlugin:80 - create IPUIPlugin
2025-06-30 20:38:03,067 [INFO] PluginManager:220 - loadIPPluginJar : add i2c
2025-06-30 20:38:03,068 [INFO] IPUIPlugin:80 - create IPUIPlugin
2025-06-30 20:38:03,068 [INFO] PluginManager:220 - loadIPPluginJar : add i2s
2025-06-30 20:38:03,070 [INFO] IPUIPlugin:80 - create IPUIPlugin
2025-06-30 20:38:03,070 [INFO] PluginManager:220 - loadIPPluginJar : add i3c
2025-06-30 20:38:03,073 [INFO] IPUIPlugin:80 - create IPUIPlugin
2025-06-30 20:38:03,073 [INFO] PluginManager:220 - loadIPPluginJar : add ipddr
2025-06-30 20:38:03,079 [INFO] IPUIPlugin:80 - create IPUIPlugin
2025-06-30 20:38:03,080 [INFO] PluginManager:220 - loadIPPluginJar : add linkedlist
2025-06-30 20:38:03,085 [INFO] IPUIPlugin:80 - create IPUIPlugin
2025-06-30 20:38:03,085 [INFO] PluginManager:220 - loadIPPluginJar : add lorawan
2025-06-30 20:38:03,086 [INFO] IPUIPlugin:80 - create IPUIPlugin
2025-06-30 20:38:03,086 [INFO] PluginManager:220 - loadIPPluginJar : add ltdc
2025-06-30 20:38:03,090 [INFO] IPUIPlugin:80 - create IPUIPlugin
2025-06-30 20:38:03,090 [INFO] PluginManager:220 - loadIPPluginJar : add mdma
2025-06-30 20:38:03,093 [INFO] IPUIPlugin:80 - create IPUIPlugin
2025-06-30 20:38:03,093 [INFO] PluginManager:220 - loadIPPluginJar : add nvic
2025-06-30 20:38:03,096 [INFO] IPUIPlugin:80 - create IPUIPlugin
2025-06-30 20:38:03,096 [INFO] PluginManager:220 - loadIPPluginJar : add opamp
2025-06-30 20:38:03,099 [INFO] IPUIPlugin:80 - create IPUIPlugin
2025-06-30 20:38:03,099 [INFO] PluginManager:220 - loadIPPluginJar : add openamp
2025-06-30 20:38:03,102 [INFO] IPUIPlugin:80 - create IPUIPlugin
2025-06-30 20:38:03,102 [INFO] PluginManager:220 - loadIPPluginJar : add pdm2pcm
2025-06-30 20:38:03,106 [INFO] IPUIPlugin:80 - create IPUIPlugin
2025-06-30 20:38:03,107 [INFO] PluginManager:220 - loadIPPluginJar : add plateformsettings
2025-06-30 20:38:03,109 [INFO] IPUIPlugin:80 - create IPUIPlugin
2025-06-30 20:38:03,109 [INFO] PluginManager:220 - loadIPPluginJar : add quadspi
2025-06-30 20:38:03,110 [INFO] IPUIPlugin:80 - create IPUIPlugin
2025-06-30 20:38:03,111 [INFO] PluginManager:220 - loadIPPluginJar : add radio
2025-06-30 20:38:03,115 [INFO] IPUIPlugin:80 - create IPUIPlugin
2025-06-30 20:38:03,115 [INFO] PluginManager:220 - loadIPPluginJar : add resmgrutility
2025-06-30 20:38:03,117 [INFO] IPUIPlugin:80 - create IPUIPlugin
2025-06-30 20:38:03,117 [INFO] PluginManager:220 - loadIPPluginJar : add sai
2025-06-30 20:38:03,119 [INFO] IPUIPlugin:80 - create IPUIPlugin
2025-06-30 20:38:03,119 [INFO] PluginManager:220 - loadIPPluginJar : add spi
2025-06-30 20:38:03,124 [INFO] IPUIPlugin:80 - create IPUIPlugin
2025-06-30 20:38:03,125 [INFO] PluginManager:220 - loadIPPluginJar : add stm32_wpan
2025-06-30 20:38:03,127 [INFO] IPUIPlugin:80 - create IPUIPlugin
2025-06-30 20:38:03,127 [INFO] PluginManager:220 - loadIPPluginJar : add tim
2025-06-30 20:38:03,131 [INFO] IPUIPlugin:80 - create IPUIPlugin
2025-06-30 20:38:03,131 [INFO] PluginManager:220 - loadIPPluginJar : add touchsensing
2025-06-30 20:38:03,134 [INFO] IPUIPlugin:80 - create IPUIPlugin
2025-06-30 20:38:03,134 [INFO] PluginManager:220 - loadIPPluginJar : add tracer_emb
2025-06-30 20:38:03,136 [INFO] IPUIPlugin:80 - create IPUIPlugin
2025-06-30 20:38:03,136 [INFO] PluginManager:220 - loadIPPluginJar : add ts
2025-06-30 20:38:03,137 [INFO] IPUIPlugin:80 - create IPUIPlugin
2025-06-30 20:38:03,137 [INFO] PluginManager:220 - loadIPPluginJar : add tsc
2025-06-30 20:38:03,138 [INFO] IPUIPlugin:80 - create IPUIPlugin
2025-06-30 20:38:03,138 [INFO] PluginManager:220 - loadIPPluginJar : add ucpd
2025-06-30 20:38:03,140 [INFO] IPUIPlugin:80 - create IPUIPlugin
2025-06-30 20:38:03,141 [INFO] PluginManager:220 - loadIPPluginJar : add usart
2025-06-30 20:38:03,144 [INFO] IPUIPlugin:80 - create IPUIPlugin
2025-06-30 20:38:03,144 [INFO] PluginManager:220 - loadIPPluginJar : add usbx
2025-06-30 20:38:03,257 [FATAL] Updater:351 - Updater called before beeing initialized
2025-06-30 20:38:03,281 [INFO] RulesReader:64 - Compatibility file has been processed (302 Rules)
2025-06-30 20:38:03,289 [INFO] RulesReader:64 - Compatibility file has been processed (302 Rules)
2025-06-30 20:38:03,298 [INFO] CADModel:165 - CPN selected for project level
2025-06-30 20:38:03,298 [INFO] CADModel:114 - Register for checkConnection events
2025-06-30 20:38:03,298 [FATAL] Updater:351 - Updater called before beeing initialized
2025-06-30 20:38:03,298 [ERROR] CADModel:125 - Updater not yet initialized, retry later 
2025-06-30 20:38:03,448 [FATAL] Updater:351 - Updater called before beeing initialized
2025-06-30 20:38:03,450 [INFO] CADModel:165 - CPN selected for project level
2025-06-30 20:38:03,450 [INFO] CADModel:114 - Register for checkConnection events
2025-06-30 20:38:03,450 [FATAL] Updater:351 - Updater called before beeing initialized
2025-06-30 20:38:03,450 [ERROR] CADModel:125 - Updater not yet initialized, retry later 
2025-06-30 20:38:03,453 [FATAL] Updater:351 - Updater called before beeing initialized
2025-06-30 20:38:03,531 [FATAL] Updater:351 - Updater called before beeing initialized
2025-06-30 20:38:03,534 [INFO] DbMcusAds:53 - JSON generation date=Thu Jun 19 16:32:34 CST 2025 (1750321954415)
2025-06-30 20:38:03,535 [FATAL] Updater:351 - Updater called before beeing initialized
2025-06-30 20:38:03,566 [WARN] DetailPanel:346 - Failed to get advertising image, set to default
2025-06-30 20:38:03,749 [FATAL] Updater:351 - Updater called before beeing initialized
2025-06-30 20:38:03,751 [FATAL] Updater:351 - Updater called before beeing initialized
2025-06-30 20:38:03,751 [FATAL] Updater:351 - Updater called before beeing initialized
2025-06-30 20:38:03,752 [WARN] DetailPanel:346 - Failed to get advertising image, set to default
2025-06-30 20:38:03,752 [FATAL] Updater:351 - Updater called before beeing initialized
2025-06-30 20:38:03,794 [ERROR] Updater:1198 - MainUpdater not yet initialized. External WinMGr cannot be set.
2025-06-30 20:38:03,797 [INFO] Updater:1134 - Updater Version found : 6.14.1
2025-06-30 20:38:03,815 [INFO] ApplicationProperties:184 - Using Application install path: C:\ST\STM32CubeIDE_1.18.1\STM32CubeIDE\plugins\com.st.stm32cube.common.mx_6.14.1.202504091515
2025-06-30 20:38:04,357 [INFO] MainUpdater:2872 - connection check result : 10
2025-06-30 20:38:04,358 [INFO] MainUpdater:289 - Updater Check For Update Now.
2025-06-30 20:38:04,358 [INFO] MicroXplorer:498 - Change Database Version : DB.6.0.141
2025-06-30 20:38:04,373 [INFO] McuFinderGlobals:63 - Set McuFinder mode to 2 (CubeIDE integrated)
2025-06-30 20:38:04,373 [INFO] UserAuth:484 - Internet connection configuration mode: 1
2025-06-30 20:38:04,414 [INFO] JxBrowserEngine:152 - Initiate JxBrowser Engine with user profile folder
2025-06-30 20:38:04,523 [INFO] CheckServerUpdateThread:120 - End of CheckServer Thread
2025-06-30 20:38:05,852 [WARN] PackLoader:240 - Cannot read IP mode file for STMicroelectronics.FP-SNS-MOTENVWB1.1.4.0
2025-06-30 20:38:05,866 [WARN] PackLoader:240 - Cannot read IP mode file for STMicroelectronics.FP-ATR-ASTRA1.2.0.2
2025-06-30 20:38:05,876 [WARN] PackLoader:240 - Cannot read IP mode file for STMicroelectronics.X-CUBE-SMBUS.2.1.0
2025-06-30 20:38:05,882 [WARN] PackLoader:240 - Cannot read IP mode file for STMicroelectronics.X-CUBE-ST60.1.0.0
2025-06-30 20:38:05,925 [WARN] PackLoader:240 - Cannot read IP mode file for STMicroelectronics.X-CUBE-AZRTOS-F7.1.1.0
2025-06-30 20:38:05,956 [WARN] PackLoader:240 - Cannot read IP mode file for Infineon.AIROC-Wi-Fi-Bluetooth-STM32.1.7.0
2025-06-30 20:38:05,987 [WARN] PackLoader:240 - Cannot read IP mode file for STMicroelectronics.X-CUBE-DISPLAY.3.0.0
2025-06-30 20:38:06,003 [WARN] PackLoader:240 - Cannot read IP mode file for STMicroelectronics.X-CUBE-NFC10.1.0.0
2025-06-30 20:38:06,020 [WARN] PackLoader:240 - Cannot read IP mode file for STMicroelectronics.X-CUBE-BLEMGR.4.0.0
2025-06-30 20:38:06,028 [WARN] PackLoader:240 - Cannot read IP mode file for emotas.I-CUBE-CANOPEN.1.3.0
2025-06-30 20:38:06,033 [WARN] ConditionMgr:438 - getConditionDescription Invalid condition id : Cortex-A Device cause : null
2025-06-30 20:38:06,054 [INFO] LogOutputStream:77 - [STDOUT_REDIRECT] [ThirdParty] unknown protocol: c
2025-06-30 20:38:06,055 [WARN] PackLoader:240 - Cannot read IP mode file for quantropi.X-CUBE-qispace-sdk-base.2.0.0
2025-06-30 20:38:06,055 [WARN] ConditionMgr:1044 - genDependencies : Invalid condition id : Cortex-A Device cause : null
2025-06-30 20:38:06,055 [WARN] ConditionMgr:1044 - genDependencies : Invalid condition id : Cortex-A Device cause : null
2025-06-30 20:38:06,055 [WARN] ConditionMgr:1044 - genDependencies : Invalid condition id : Cortex-A Device cause : null
2025-06-30 20:38:06,059 [WARN] PackLoader:240 - Cannot read IP mode file for STMicroelectronics.FP-SNS-SMARTAG2.1.2.0
2025-06-30 20:38:06,063 [WARN] PackLoader:240 - Cannot read IP mode file for STMicroelectronics.FP-SNS-FLIGHT1.5.1.0
2025-06-30 20:38:06,070 [INFO] LogOutputStream:77 - [STDOUT_REDIRECT] 1 : Invalid condition id : UX_CORESTACK_Condition cause : null
2025-06-30 20:38:06,071 [INFO] LogOutputStream:77 - [STDOUT_REDIRECT] 1 : Invalid condition id : UX_CORESTACK_Condition cause : null
2025-06-30 20:38:06,071 [INFO] LogOutputStream:77 - [STDOUT_REDIRECT] 1 : Invalid condition id : UX_CORESTACK_Condition cause : null
2025-06-30 20:38:06,072 [INFO] LogOutputStream:77 - [STDOUT_REDIRECT] 1 : Invalid condition id : UX_CORESTACK_Condition cause : null
2025-06-30 20:38:06,073 [INFO] LogOutputStream:77 - [STDOUT_REDIRECT] 1 : Invalid condition id : UX_CORESTACK_Condition cause : null
2025-06-30 20:38:06,075 [WARN] PackLoader:240 - Cannot read IP mode file for STMicroelectronics.X-CUBE-AZRTOS-WL.2.0.0
2025-06-30 20:38:06,080 [WARN] PackLoader:240 - Cannot read IP mode file for STMicroelectronics.FP-SNS-MOTENV1.5.0.0
2025-06-30 20:38:06,086 [WARN] PackLoader:240 - Cannot read IP mode file for STMicroelectronics.X-CUBE-BLE2.3.3.0
2025-06-30 20:38:06,091 [WARN] PackLoader:240 - Cannot read IP mode file for STMicroelectronics.X-CUBE-NFC9.1.0.0
2025-06-30 20:38:06,096 [WARN] PackLoader:240 - Cannot read IP mode file for wolfSSL.I-CUBE-wolfSSL.5.8.0
2025-06-30 20:38:06,101 [WARN] PackLoader:240 - Cannot read IP mode file for STMicroelectronics.X-CUBE-BLE1.7.1.0
2025-06-30 20:38:06,105 [WARN] PackLoader:240 - Cannot read IP mode file for wolfSSL.I-CUBE-wolfMQTT.1.19.2
2025-06-30 20:38:06,108 [WARN] PackLoader:240 - Cannot read IP mode file for STMicroelectronics.X-CUBE-AI.10.1.0
2025-06-30 20:38:06,119 [WARN] PackLoader:240 - Cannot read IP mode file for STMicroelectronics.X-CUBE-AZRTOS-G0.1.1.0
2025-06-30 20:38:06,124 [WARN] PackLoader:240 - Cannot read IP mode file for STMicroelectronics.X-CUBE-SAFEA1.1.2.2
2025-06-30 20:38:06,128 [WARN] PackLoader:240 - Cannot read IP mode file for STMicroelectronics.X-CUBE-NFC4.3.0.0
2025-06-30 20:38:06,134 [WARN] PackLoader:240 - Cannot read IP mode file for EmbeddedOffice.I-CUBE-FS-RTOS.1.0.1
2025-06-30 20:38:06,138 [WARN] PackLoader:240 - Cannot read IP mode file for STMicroelectronics.X-CUBE-WB05N.2.0.0
2025-06-30 20:38:06,141 [WARN] PackLoader:240 - Cannot read IP mode file for wolfSSL.I-CUBE-wolfTPM.3.8.0
2025-06-30 20:38:06,145 [WARN] PackLoader:240 - Cannot read IP mode file for STMicroelectronics.X-CUBE-TCPP.4.2.0
2025-06-30 20:38:06,150 [WARN] PackLoader:240 - Cannot read IP mode file for RealThread.X-CUBE-RT-Thread_Nano.4.1.1
2025-06-30 20:38:06,153 [WARN] PackLoader:240 - Cannot read IP mode file for STMicroelectronics.FP-ATR-SIGFOX1.3.2.0
2025-06-30 20:38:06,158 [WARN] PackLoader:240 - Cannot read IP mode file for STMicroelectronics.X-CUBE-EEPRMA1.5.1.0
2025-06-30 20:38:06,163 [WARN] PackLoader:240 - Cannot read IP mode file for ITTIA_DB.I-CUBE-ITTIADB.8.9.0
2025-06-30 20:38:06,170 [WARN] PackLoader:240 - Cannot read IP mode file for STMicroelectronics.X-CUBE-ST67W61.1.0.0
2025-06-30 20:38:06,198 [WARN] PackLoader:240 - Cannot read IP mode file for SEGGER.I-CUBE-embOS.1.3.1
2025-06-30 20:38:06,228 [WARN] PackLoader:240 - Cannot read IP mode file for STMicroelectronics.X-CUBE-ALGOBUILD.1.4.0
2025-06-30 20:38:06,254 [WARN] PackLoader:240 - Cannot read IP mode file for STMicroelectronics.X-CUBE-MEMS1.11.3.0
2025-06-30 20:38:06,360 [INFO] WebApp:169 - Instantiating new browser for Auth
2025-06-30 20:38:06,373 [WARN] PackLoader:240 - Cannot read IP mode file for STMicroelectronics.X-CUBE-PM33A1.1.0.0
2025-06-30 20:38:06,390 [WARN] PackLoader:240 - Cannot read IP mode file for STMicroelectronics.X-CUBE-AZRTOS-F4.1.1.0
2025-06-30 20:38:06,401 [WARN] PackLoader:240 - Cannot read IP mode file for Avnet-IotConnect.X-CUBE-IoTC-DA16k-PMOD.1.0.0
2025-06-30 20:38:06,414 [WARN] PackLoader:240 - Cannot read IP mode file for STMicroelectronics.X-CUBE-ISPU.2.1.0
2025-06-30 20:38:06,433 [WARN] PackLoader:240 - Cannot read IP mode file for STMicroelectronics.X-CUBE-AZRTOS-L5.2.0.0
2025-06-30 20:38:06,444 [WARN] PackLoader:240 - Cannot read IP mode file for STMicroelectronics.X-CUBE-NFC6.3.1.0
2025-06-30 20:38:06,460 [WARN] PackLoader:240 - Cannot read IP mode file for STMicroelectronics.X-CUBE-FREERTOS.1.3.1
2025-06-30 20:38:06,468 [WARN] PackLoader:240 - Cannot read IP mode file for STMicroelectronics.FP-SNS-STAIOTCFT.1.0.0
2025-06-30 20:38:06,474 [WARN] PackLoader:240 - Cannot read IP mode file for STMicroelectronics.X-CUBE-DPower.1.3.0
2025-06-30 20:38:06,489 [WARN] ConditionMgr:438 - getConditionDescription Invalid condition id : LAN8742 Phy interface Condition cause : null
2025-06-30 20:38:06,489 [WARN] PackLoader:240 - Cannot read IP mode file for STMicroelectronics.X-CUBE-AZRTOS-L4.2.0.0
2025-06-30 20:38:06,490 [WARN] ConditionMgr:1044 - genDependencies : Invalid condition id : LAN8742 Phy interface Condition cause : null
2025-06-30 20:38:06,490 [WARN] ConditionMgr:1044 - genDependencies : Invalid condition id : LAN8742 Phy interface Condition cause : null
2025-06-30 20:38:06,490 [WARN] ConditionMgr:1044 - genDependencies : Invalid condition id : LAN8742 Phy interface Condition cause : null
2025-06-30 20:38:06,505 [WARN] PackLoader:240 - Cannot read IP mode file for STMicroelectronics.X-CUBE-SFXS2LP1.4.0.0
2025-06-30 20:38:06,525 [WARN] PackLoader:240 - Cannot read IP mode file for STMicroelectronics.X-CUBE-AZRTOS-H7.3.3.0
2025-06-30 20:38:06,538 [WARN] ConditionMgr:438 - getConditionDescription Invalid condition id : UX DEVICE CLASS RTOS Condition cause : null
2025-06-30 20:38:06,538 [WARN] ConditionMgr:438 - getConditionDescription Invalid condition id : UX DEVICE CLASS RTOS Condition cause : null
2025-06-30 20:38:06,539 [WARN] PackLoader:240 - Cannot read IP mode file for STMicroelectronics.X-CUBE-AZRTOS-WB.2.0.0
2025-06-30 20:38:06,540 [WARN] ConditionMgr:1044 - genDependencies : Invalid condition id : UX DEVICE CLASS RTOS Condition cause : null
2025-06-30 20:38:06,540 [WARN] ConditionMgr:1044 - genDependencies : Invalid condition id : UX DEVICE CLASS RTOS Condition cause : null
2025-06-30 20:38:06,540 [WARN] ConditionMgr:1044 - genDependencies : Invalid condition id : UX DEVICE CLASS RTOS Condition cause : null
2025-06-30 20:38:06,540 [WARN] ConditionMgr:1044 - genDependencies : Invalid condition id : UX DEVICE CLASS RTOS Condition cause : null
2025-06-30 20:38:06,540 [WARN] ConditionMgr:1044 - genDependencies : Invalid condition id : UX DEVICE CLASS RTOS Condition cause : null
2025-06-30 20:38:06,548 [WARN] PackLoader:240 - Cannot read IP mode file for STMicroelectronics.X-CUBE-GNSS1.7.0.1
2025-06-30 20:38:06,555 [WARN] PackLoader:240 - Cannot read IP mode file for STMicroelectronics.X-CUBE-TOUCHGFX.4.25.0
2025-06-30 20:38:06,561 [WARN] PackLoader:240 - Cannot read IP mode file for STMicroelectronics.FP-SNS-STBOX1.2.0.0
2025-06-30 20:38:06,591 [WARN] PackLoader:240 - Cannot read IP mode file for STMicroelectronics.X-CUBE-SUBG2.5.0.0
2025-06-30 20:38:06,611 [WARN] PackLoader:240 - Cannot read IP mode file for STMicroelectronics.X-CUBE-AZRTOS-H7RS.1.1.0
2025-06-30 20:38:06,618 [WARN] PackLoader:240 - Cannot read IP mode file for Cesanta.I-CUBE-Mongoose.7.13.0
2025-06-30 20:38:06,652 [WARN] PackLoader:240 - Cannot read IP mode file for STMicroelectronics.X-CUBE-AZRTOS-G4.2.0.0
2025-06-30 20:38:06,659 [WARN] PackLoader:240 - Cannot read IP mode file for wolfSSL.I-CUBE-wolfSSH.1.4.20
2025-06-30 20:38:06,665 [WARN] PackLoader:240 - Cannot read IP mode file for STMicroelectronics.X-CUBE-NFC7.2.0.0
2025-06-30 20:38:06,677 [WARN] PackLoader:240 - Cannot read IP mode file for STMicroelectronics.X-CUBE-IPS.3.1.0
2025-06-30 20:38:06,687 [WARN] PackLoader:240 - Cannot read IP mode file for STMicroelectronics.X-CUBE-ALS.1.0.2
2025-06-30 20:38:06,693 [WARN] PackLoader:240 - Cannot read IP mode file for portGmbH.I-Cube-SoM-uGOAL.1.1.0
2025-06-30 20:38:06,701 [WARN] PackLoader:240 - Cannot read IP mode file for STMicroelectronics.X-CUBE-TOF1.3.4.3
2025-06-30 20:38:06,709 [INFO] ThirdParty:978 - Integrity check success = true
2025-06-30 20:38:06,709 [INFO] IntegrityCheckThread:100 - exiting critical section [integrity check]
2025-06-30 20:38:06,709 [INFO] IntegrityCheckThread:103 - End integrity checks thread
2025-06-30 20:38:07,785 [INFO] WebApp:463 - Apply proxy settings
2025-06-30 20:38:07,785 [INFO] WebApp:548 - Chromium requires no authentication
2025-06-30 20:38:07,791 [INFO] WebApp:491 - Direct internet connection detected
2025-06-30 20:38:07,819 [INFO] WebApp:894 - Register for checkConnection events
2025-06-30 20:38:07,819 [INFO] WebApp:463 - Apply proxy settings
2025-06-30 20:38:07,820 [INFO] WebApp:548 - Chromium requires no authentication
2025-06-30 20:38:07,820 [INFO] WebApp:491 - Direct internet connection detected
2025-06-30 20:38:07,970 [INFO] WebApp:225 - Starting web application
2025-06-30 20:38:07,970 [INFO] WebApp:593 - Web application path used C:\ST\STM32CubeIDE_1.18.1\STM32CubeIDE\plugins\com.st.stm32cube.common.mx_6.14.1.202504091515\db\plugins\mcufinder\reactClient1\index.html
2025-06-30 20:38:08,104 [INFO] UserAuth:484 - Internet connection configuration mode: 1
2025-06-30 22:35:19,654 [INFO] WebApp:403 - JxBrowser engine has been closed 
