2025-06-29 06:02:04,313 [INFO] Activator:176 - 


2025-06-29 06:02:04,319 [INFO] Activator:177 - !SESSION log4j initialized
2025-06-29 06:02:04,682 [ERROR] LogOutputStream:75 - [STDERR_REDIRECT] Warning: NLS unused message: ComplianceConfigurationBlock_version11 in: org.eclipse.jdt.internal.ui.preferences.PreferencesMessages
2025-06-29 06:02:04,688 [ERROR] LogOutputStream:75 - [STDERR_REDIRECT] Warning: NLS unused message: ComplianceConfigurationBlock_version12 in: org.eclipse.jdt.internal.ui.preferences.PreferencesMessages
2025-06-29 06:02:04,690 [ERROR] LogOutputStream:75 - [STDERR_REDIRECT] Warning: NLS unused message: ComplianceConfigurationBlock_version13 in: org.eclipse.jdt.internal.ui.preferences.PreferencesMessages
2025-06-29 06:02:04,692 [ERROR] LogOutputStream:75 - [STDERR_REDIRECT] Warning: NLS unused message: ComplianceConfigurationBlock_version14 in: org.eclipse.jdt.internal.ui.preferences.PreferencesMessages
2025-06-29 06:02:04,694 [ERROR] LogOutputStream:75 - [STDERR_REDIRECT] Warning: NLS unused message: ComplianceConfigurationBlock_version15 in: org.eclipse.jdt.internal.ui.preferences.PreferencesMessages
2025-06-29 06:02:04,696 [ERROR] LogOutputStream:75 - [STDERR_REDIRECT] Warning: NLS unused message: ComplianceConfigurationBlock_version9 in: org.eclipse.jdt.internal.ui.preferences.PreferencesMessages
2025-06-29 06:02:04,697 [ERROR] LogOutputStream:75 - [STDERR_REDIRECT] Warning: NLS unused message: ComplianceConfigurationBlock_version10 in: org.eclipse.jdt.internal.ui.preferences.PreferencesMessages
2025-06-29 06:02:04,699 [ERROR] LogOutputStream:75 - [STDERR_REDIRECT] Warning: NLS unused message: ComplianceConfigurationBlock_codegen_inline_jsr_bytecode_label in: org.eclipse.jdt.internal.ui.preferences.PreferencesMessages
2025-06-29 06:02:04,701 [ERROR] LogOutputStream:75 - [STDERR_REDIRECT] Warning: NLS unused message: ComplianceConfigurationBlock_pb_assert_as_identifier_label in: org.eclipse.jdt.internal.ui.preferences.PreferencesMessages
2025-06-29 06:02:04,705 [ERROR] LogOutputStream:75 - [STDERR_REDIRECT] Warning: NLS unused message: ComplianceConfigurationBlock_pb_enum_as_identifier_label in: org.eclipse.jdt.internal.ui.preferences.PreferencesMessages
2025-06-29 06:02:04,707 [ERROR] LogOutputStream:75 - [STDERR_REDIRECT] Warning: NLS unused message: ComplianceConfigurationBlock_cldc11_requires_source13_compliance_se14 in: org.eclipse.jdt.internal.ui.preferences.PreferencesMessages
2025-06-29 06:02:04,713 [ERROR] LogOutputStream:75 - [STDERR_REDIRECT] Warning: NLS unused message: CodeAssistConfigurationBlock_matchSubstring_label in: org.eclipse.jdt.internal.ui.preferences.PreferencesMessages
2025-06-29 06:02:04,736 [ERROR] LogOutputStream:75 - [STDERR_REDIRECT] Warning: NLS unused message: ProblemMarkerManager_problem_marker_update_job_description in: org.eclipse.jdt.internal.ui.JavaUIMessages
2025-06-29 06:02:04,738 [ERROR] LogOutputStream:75 - [STDERR_REDIRECT] Warning: NLS unused message: FilteredTypesSelectionDialog_default_package in: org.eclipse.jdt.internal.ui.JavaUIMessages
2025-06-29 06:02:04,740 [ERROR] LogOutputStream:75 - [STDERR_REDIRECT] Warning: NLS unused message: FilteredTypeSelectionDialog_showContainerForDuplicatesAction in: org.eclipse.jdt.internal.ui.JavaUIMessages
2025-06-29 06:02:04,741 [ERROR] LogOutputStream:75 - [STDERR_REDIRECT] Warning: NLS unused message: JavaElementLabels_anonym in: org.eclipse.jdt.internal.ui.JavaUIMessages
2025-06-29 06:02:04,743 [ERROR] LogOutputStream:75 - [STDERR_REDIRECT] Warning: NLS unused message: JavaElementLabels_concat_string in: org.eclipse.jdt.internal.ui.JavaUIMessages
2025-06-29 06:02:04,744 [ERROR] LogOutputStream:75 - [STDERR_REDIRECT] Warning: NLS unused message: JavaElementLabels_comma_string in: org.eclipse.jdt.internal.ui.JavaUIMessages
2025-06-29 06:02:04,745 [ERROR] LogOutputStream:75 - [STDERR_REDIRECT] Warning: NLS unused message: JavaElementLabels_declseparator_string in: org.eclipse.jdt.internal.ui.JavaUIMessages
2025-06-29 06:02:04,747 [ERROR] LogOutputStream:75 - [STDERR_REDIRECT] Warning: NLS unused message: JavaElementLabels_category_separator_string in: org.eclipse.jdt.internal.ui.JavaUIMessages
2025-06-29 06:02:04,748 [ERROR] LogOutputStream:75 - [STDERR_REDIRECT] Warning: NLS unused message: JavaElementLabels_import_container in: org.eclipse.jdt.internal.ui.JavaUIMessages
2025-06-29 06:02:04,927 [ERROR] LogOutputStream:75 - [STDERR_REDIRECT] Warning: NLS unused message: FindReplace_title in: org.eclipse.ui.texteditor.EditorMessages
2025-06-29 06:02:04,928 [ERROR] LogOutputStream:75 - [STDERR_REDIRECT] Warning: NLS unused message: FindReplace_Find_label in: org.eclipse.ui.texteditor.EditorMessages
2025-06-29 06:02:04,931 [ERROR] LogOutputStream:75 - [STDERR_REDIRECT] Warning: NLS unused message: FindReplace_Replace_label in: org.eclipse.ui.texteditor.EditorMessages
2025-06-29 06:02:04,934 [ERROR] LogOutputStream:75 - [STDERR_REDIRECT] Warning: NLS unused message: FindReplace_Direction in: org.eclipse.ui.texteditor.EditorMessages
2025-06-29 06:02:04,936 [ERROR] LogOutputStream:75 - [STDERR_REDIRECT] Warning: NLS unused message: FindReplace_ForwardRadioButton_label in: org.eclipse.ui.texteditor.EditorMessages
2025-06-29 06:02:04,938 [ERROR] LogOutputStream:75 - [STDERR_REDIRECT] Warning: NLS unused message: FindReplace_BackwardRadioButton_label in: org.eclipse.ui.texteditor.EditorMessages
2025-06-29 06:02:04,939 [ERROR] LogOutputStream:75 - [STDERR_REDIRECT] Warning: NLS unused message: FindReplace_Scope in: org.eclipse.ui.texteditor.EditorMessages
2025-06-29 06:02:04,941 [ERROR] LogOutputStream:75 - [STDERR_REDIRECT] Warning: NLS unused message: FindReplace_GlobalRadioButton_label in: org.eclipse.ui.texteditor.EditorMessages
2025-06-29 06:02:04,943 [ERROR] LogOutputStream:75 - [STDERR_REDIRECT] Warning: NLS unused message: FindReplace_SelectedRangeRadioButton_label in: org.eclipse.ui.texteditor.EditorMessages
2025-06-29 06:02:04,944 [ERROR] LogOutputStream:75 - [STDERR_REDIRECT] Warning: NLS unused message: FindReplace_Options in: org.eclipse.ui.texteditor.EditorMessages
2025-06-29 06:02:04,946 [ERROR] LogOutputStream:75 - [STDERR_REDIRECT] Warning: NLS unused message: FindReplace_CaseCheckBox_label in: org.eclipse.ui.texteditor.EditorMessages
2025-06-29 06:02:04,947 [ERROR] LogOutputStream:75 - [STDERR_REDIRECT] Warning: NLS unused message: FindReplace_WrapCheckBox_label in: org.eclipse.ui.texteditor.EditorMessages
2025-06-29 06:02:04,949 [ERROR] LogOutputStream:75 - [STDERR_REDIRECT] Warning: NLS unused message: FindReplace_WholeWordCheckBox_label in: org.eclipse.ui.texteditor.EditorMessages
2025-06-29 06:02:04,950 [ERROR] LogOutputStream:75 - [STDERR_REDIRECT] Warning: NLS unused message: FindReplace_IncrementalCheckBox_label in: org.eclipse.ui.texteditor.EditorMessages
2025-06-29 06:02:04,952 [ERROR] LogOutputStream:75 - [STDERR_REDIRECT] Warning: NLS unused message: FindReplace_RegExCheckbox_label in: org.eclipse.ui.texteditor.EditorMessages
2025-06-29 06:02:04,956 [ERROR] LogOutputStream:75 - [STDERR_REDIRECT] Warning: NLS unused message: FindReplace_FindNextButton_label in: org.eclipse.ui.texteditor.EditorMessages
2025-06-29 06:02:04,958 [ERROR] LogOutputStream:75 - [STDERR_REDIRECT] Warning: NLS unused message: FindReplace_ReplaceFindButton_label in: org.eclipse.ui.texteditor.EditorMessages
2025-06-29 06:02:04,959 [ERROR] LogOutputStream:75 - [STDERR_REDIRECT] Warning: NLS unused message: FindReplace_ReplaceSelectionButton_label in: org.eclipse.ui.texteditor.EditorMessages
2025-06-29 06:02:04,961 [ERROR] LogOutputStream:75 - [STDERR_REDIRECT] Warning: NLS unused message: FindReplace_ReplaceAllButton_label in: org.eclipse.ui.texteditor.EditorMessages
2025-06-29 06:02:04,962 [ERROR] LogOutputStream:75 - [STDERR_REDIRECT] Warning: NLS unused message: FindReplace_CloseButton_label in: org.eclipse.ui.texteditor.EditorMessages
2025-06-29 06:02:04,964 [ERROR] LogOutputStream:75 - [STDERR_REDIRECT] Warning: NLS unused message: FindReplace_Status_replacements_label in: org.eclipse.ui.texteditor.EditorMessages
2025-06-29 06:02:04,966 [ERROR] LogOutputStream:75 - [STDERR_REDIRECT] Warning: NLS unused message: FindReplace_Status_wrapped_label in: org.eclipse.ui.texteditor.EditorMessages
2025-06-29 06:02:05,139 [ERROR] LogOutputStream:75 - [STDERR_REDIRECT] Warning: NLS unused message: FileDocumentProvider_getPersistedEncoding in: org.eclipse.ui.editors.text.TextEditorMessages
2025-06-29 06:02:06,879 [ERROR] LogOutputStream:75 - [STDERR_REDIRECT] Warning: NLS unused message: TextSearchVisitor_progress_updating_job in: org.eclipse.search.internal.ui.SearchMessages
2025-06-29 06:02:06,881 [ERROR] LogOutputStream:75 - [STDERR_REDIRECT] Warning: NLS unused message: SearchPageSelectionDialog_rememberLastUsedPage_message in: org.eclipse.search.internal.ui.SearchMessages
2025-06-29 06:02:08,389 [ERROR] LogOutputStream:75 - [STDERR_REDIRECT] Warning: NLS unused message: ActivitiesPreferencePage_advancedDialogTitle in: org.eclipse.ui.internal.activities.ws.messages
2025-06-29 06:02:08,390 [ERROR] LogOutputStream:75 - [STDERR_REDIRECT] Warning: NLS unused message: ActivitiesPreferencePage_advancedButton in: org.eclipse.ui.internal.activities.ws.messages
2025-06-29 06:02:09,258 [ERROR] LogOutputStream:75 - [STDERR_REDIRECT] Warning: NLS unused message: ShowInNavigatorView_label in: org.eclipse.jdt.internal.ui.actions.ActionMessages
2025-06-29 06:02:09,260 [ERROR] LogOutputStream:75 - [STDERR_REDIRECT] Warning: NLS unused message: ShowInNavigatorView_dialog_title in: org.eclipse.jdt.internal.ui.actions.ActionMessages
2025-06-29 06:02:09,261 [ERROR] LogOutputStream:75 - [STDERR_REDIRECT] Warning: NLS unused message: ShowInNavigatorView_dialog_message in: org.eclipse.jdt.internal.ui.actions.ActionMessages
2025-06-29 06:02:09,263 [ERROR] LogOutputStream:75 - [STDERR_REDIRECT] Warning: NLS unused message: ShowInNavigatorView_error_activation_failed in: org.eclipse.jdt.internal.ui.actions.ActionMessages
2025-06-29 06:02:09,265 [ERROR] LogOutputStream:75 - [STDERR_REDIRECT] Warning: NLS unused message: OrganizeImportsAction_error_message in: org.eclipse.jdt.internal.ui.actions.ActionMessages
2025-06-29 06:02:09,304 [INFO] LogOutputStream:77 - [STDOUT_REDIRECT] 
2025-06-29 06:02:11,704 [INFO] ApplicationProperties:184 - Using Application install path: C:\ST\STM32CubeIDE_1.18.1\STM32CubeIDE\plugins\com.st.stm32cube.common.mx_6.14.1.202504091515
2025-06-29 06:02:11,719 [INFO] DbMcusXml:78 - Set database path to: C:\ST\STM32CubeIDE_1.18.1\STM32CubeIDE\plugins\com.st.stm32cube.common.mx_6.14.1.202504091515\\db\/mcu/
2025-06-29 06:02:11,719 [INFO] ApiDb:274 - Set plugin database path to: C:\ST\STM32CubeIDE_1.18.1\STM32CubeIDE\plugins\com.st.stm32cube.common.mx_6.14.1.202504091515\\db\/plugins/boardmanager/
2025-06-29 06:02:11,719 [WARN] ApiDb:259 - Overriding images path with different value:  => C:\ST\STM32CubeIDE_1.18.1\STM32CubeIDE\plugins\com.st.stm32cube.common.mx_6.14.1.202504091515\\db\/plugins/mcufinder/images/
2025-06-29 06:02:11,727 [INFO] ApiDb:250 - Set database path to: C:\Users\刘廷波\.stmcufinder\plugins\mcufinder//mcu/
2025-06-29 06:02:11,728 [INFO] DbMcusAds:125 - Set database path to: C:\Users\刘廷波\.stmcufinder\plugins\mcufinder//mcu/
2025-06-29 06:02:11,729 [INFO] CrossReferenceDbSqlite:203 - Set database path to: C:\Users\刘廷波\.stmcufinder\plugins\mcufinder//mcu/cs/
2025-06-29 06:02:11,840 [INFO] RulesReader:64 - Compatibility file has been processed (302 Rules)
2025-06-29 06:02:11,923 [INFO] DbMcusXml:78 - Set database path to: C:\ST\STM32CubeIDE_1.18.1\STM32CubeIDE\plugins\com.st.stm32cube.common.mx_6.14.1.202504091515\\db\/mcu/
2025-06-29 06:02:11,924 [INFO] ApiDb:274 - Set plugin database path to: C:\ST\STM32CubeIDE_1.18.1\STM32CubeIDE\plugins\com.st.stm32cube.common.mx_6.14.1.202504091515\\db\/plugins/boardmanager/
2025-06-29 06:02:11,924 [INFO] ApiDb:261 - Set plugin images path to: C:\ST\STM32CubeIDE_1.18.1\STM32CubeIDE\plugins\com.st.stm32cube.common.mx_6.14.1.202504091515\\db\/plugins/mcufinder/images/
2025-06-29 06:02:11,924 [WARN] DbFile:41 - Overriding database path with different value: C:\Users\刘廷波\.stmcufinder\plugins\mcufinder/ => C:\Users\刘廷波\.stmcufinder\plugins\mcufinder
2025-06-29 06:02:11,924 [INFO] ApiDb:250 - Set database path to: C:\Users\刘廷波\.stmcufinder\plugins\mcufinder//mcu/
2025-06-29 06:02:11,924 [WARN] DbFile:41 - Overriding database path with different value: C:\Users\刘廷波\.stmcufinder\plugins\mcufinder/ => C:\Users\刘廷波\.stmcufinder\plugins\mcufinder
2025-06-29 06:02:11,924 [INFO] DbMcusAds:125 - Set database path to: C:\Users\刘廷波\.stmcufinder\plugins\mcufinder//mcu/
2025-06-29 06:02:11,924 [WARN] DbFile:41 - Overriding database path with different value: C:\Users\刘廷波\.stmcufinder\plugins\mcufinder/ => C:\Users\刘廷波\.stmcufinder\plugins\mcufinder
2025-06-29 06:02:11,924 [WARN] DbFile:41 - Overriding database path with different value: C:\Users\刘廷波\.stmcufinder\plugins\mcufinder/ => C:\Users\刘廷波\.stmcufinder\plugins\mcufinder
2025-06-29 06:02:11,924 [INFO] CrossReferenceDbSqlite:203 - Set database path to: C:\Users\刘廷波\.stmcufinder\plugins\mcufinder//mcu/cs/
2025-06-29 06:02:12,015 [INFO] MainPanel:272 - HeapMemory: 300941312
2025-06-29 06:02:12,095 [INFO] DbMcusXml:78 - Set database path to: C:\ST\STM32CubeIDE_1.18.1\STM32CubeIDE\plugins\com.st.stm32cube.common.mx_6.14.1.202504091515\\db\/mcu/
2025-06-29 06:02:12,095 [INFO] ApiDb:274 - Set plugin database path to: C:\ST\STM32CubeIDE_1.18.1\STM32CubeIDE\plugins\com.st.stm32cube.common.mx_6.14.1.202504091515\\db\/plugins/boardmanager/
2025-06-29 06:02:12,095 [INFO] ApiDb:261 - Set plugin images path to: C:\ST\STM32CubeIDE_1.18.1\STM32CubeIDE\plugins\com.st.stm32cube.common.mx_6.14.1.202504091515\\db\/plugins/mcufinder/images/
2025-06-29 06:02:12,095 [WARN] DbFile:41 - Overriding database path with different value: C:\Users\刘廷波\.stmcufinder\plugins\mcufinder/ => C:\Users\刘廷波\.stmcufinder\plugins\mcufinder
2025-06-29 06:02:12,095 [INFO] ApiDb:250 - Set database path to: C:\Users\刘廷波\.stmcufinder\plugins\mcufinder//mcu/
2025-06-29 06:02:12,095 [WARN] DbFile:41 - Overriding database path with different value: C:\Users\刘廷波\.stmcufinder\plugins\mcufinder/ => C:\Users\刘廷波\.stmcufinder\plugins\mcufinder
2025-06-29 06:02:12,095 [INFO] DbMcusAds:125 - Set database path to: C:\Users\刘廷波\.stmcufinder\plugins\mcufinder//mcu/
2025-06-29 06:02:12,095 [WARN] DbFile:41 - Overriding database path with different value: C:\Users\刘廷波\.stmcufinder\plugins\mcufinder/ => C:\Users\刘廷波\.stmcufinder\plugins\mcufinder
2025-06-29 06:02:12,095 [WARN] DbFile:41 - Overriding database path with different value: C:\Users\刘廷波\.stmcufinder\plugins\mcufinder/ => C:\Users\刘廷波\.stmcufinder\plugins\mcufinder
2025-06-29 06:02:12,095 [INFO] CrossReferenceDbSqlite:203 - Set database path to: C:\Users\刘廷波\.stmcufinder\plugins\mcufinder//mcu/cs/
2025-06-29 06:02:12,109 [INFO] ApplicationProperties:184 - Using Application install path: C:\ST\STM32CubeIDE_1.18.1\STM32CubeIDE\plugins\com.st.stm32cube.common.mx_6.14.1.202504091515
2025-06-29 06:02:12,110 [INFO] PluginManage:196 - Search for loadable plugins [exclusion list=, ]
2025-06-29 06:02:12,111 [INFO] PluginManage:310 - Check plugin analytics
2025-06-29 06:02:12,338 [INFO] AnalyticsPlugin:253 - Accepted Software Licenses: STM32CubeMX.6.14.1
2025-06-29 06:02:12,338 [INFO] AnalyticsPlugin:255 - Accepted CMSIS Pack Licenses: 
2025-06-29 06:02:12,338 [INFO] AnalyticsPlugin:257 - Accepted Firmware Licenses: FW.F4.1.28.0,FW.H7.1.12.0,FW.F4.1.27.0
2025-06-29 06:02:12,343 [INFO] PluginManage:359 - Loaded plugin analytics (category:tool,tabindex:-1)
2025-06-29 06:02:12,343 [INFO] PluginManage:310 - Check plugin cadmodel
2025-06-29 06:02:12,350 [INFO] CADModel:105 - Init CAD model plugin
2025-06-29 06:02:12,350 [INFO] PluginManage:359 - Loaded plugin cadmodel (category:power,tabindex:5)
2025-06-29 06:02:12,350 [INFO] PluginManage:310 - Check plugin clock
2025-06-29 06:02:12,363 [INFO] PluginManage:359 - Loaded plugin clock (category:base,tabindex:2)
2025-06-29 06:02:12,363 [INFO] PluginManage:310 - Check plugin ddr
2025-06-29 06:02:12,365 [INFO] PluginManage:359 - Loaded plugin ddr (category:tool,tabindex:6)
2025-06-29 06:02:12,366 [INFO] PluginManage:310 - Check plugin filemanager
2025-06-29 06:02:12,493 [INFO] PluginManage:359 - Loaded plugin filemanager (category:base,tabindex:10)
2025-06-29 06:02:12,493 [INFO] PluginManage:310 - Check plugin ipmanager
2025-06-29 06:02:12,498 [INFO] PluginManage:359 - Loaded plugin ipmanager (category:base,tabindex:5)
2025-06-29 06:02:12,499 [INFO] PluginManage:310 - Check plugin lpbam
2025-06-29 06:02:12,504 [INFO] PluginManage:359 - Loaded plugin lpbam (category:base,tabindex:0)
2025-06-29 06:02:12,505 [INFO] PluginManage:310 - Check plugin memorymap
2025-06-29 06:02:12,515 [INFO] PluginManage:359 - Loaded plugin memorymap (category:base,tabindex:4)
2025-06-29 06:02:12,515 [INFO] PluginManage:310 - Check plugin pinoutandconfiguration
2025-06-29 06:02:12,522 [INFO] PluginManage:359 - Loaded plugin pinoutandconfiguration (category:base,tabindex:1)
2025-06-29 06:02:12,522 [INFO] PluginManage:310 - Check plugin pinoutconfig
2025-06-29 06:02:12,602 [WARN] SupportedApi:132 - Cannot load RTOS API schema: s4s-elt-must-match.1: The content of 'definitions' must match (annotation?, (simpleType | complexType)?, (unique | key | keyref)*)). A problem was found starting at: attribute.
2025-06-29 06:02:12,705 [INFO] PluginManage:359 - Loaded plugin pinoutconfig (category:base,tabindex:0)
2025-06-29 06:02:12,705 [INFO] PluginManage:310 - Check plugin power
2025-06-29 06:02:12,713 [INFO] PluginManage:359 - Loaded plugin power (category:power,tabindex:4)
2025-06-29 06:02:12,713 [INFO] PluginManage:310 - Check plugin projectmanager
2025-06-29 06:02:12,726 [INFO] PluginManage:359 - Loaded plugin projectmanager (category:projectmanager,tabindex:4)
2025-06-29 06:02:12,726 [INFO] PluginManage:310 - Check plugin rif
2025-06-29 06:02:12,732 [INFO] PluginManage:359 - Loaded plugin rif (category:base,tabindex:3)
2025-06-29 06:02:12,732 [INFO] PluginManage:310 - Check plugin thirdparty
2025-06-29 06:02:12,858 [WARN] IntegrityCheckThread:84 - waiting for thirdparty lock release [integrity check]
2025-06-29 06:02:12,858 [INFO] IntegrityCheckThread:86 - entering critical section [integrity check]
2025-06-29 06:02:12,858 [INFO] ThirdPartyUpdaterWithRetryManager:70 - Updater plugin not ready yet. [1/15]
2025-06-29 06:02:12,859 [INFO] PluginManage:359 - Loaded plugin thirdparty (category:base,tabindex:-1)
2025-06-29 06:02:12,859 [INFO] PluginManage:310 - Check plugin tools
2025-06-29 06:02:12,863 [INFO] PluginManage:359 - Loaded plugin tools (category:base,tabindex:7)
2025-06-29 06:02:12,863 [INFO] PluginManage:310 - Check plugin tutovideos
2025-06-29 06:02:12,992 [INFO] PluginManage:359 - Loaded plugin tutovideos (category:base,tabindex:-1)
2025-06-29 06:02:12,992 [INFO] PluginManage:310 - Check plugin updater
2025-06-29 06:02:13,013 [INFO] PluginManage:359 - Loaded plugin updater (category:base,tabindex:12)
2025-06-29 06:02:13,013 [INFO] PluginManage:310 - Check plugin userauth
2025-06-29 06:02:13,018 [INFO] UserAuth:118 - Init User Auth plugin
2025-06-29 06:02:13,019 [INFO] PluginManage:359 - Loaded plugin userauth (category:base,tabindex:14)
2025-06-29 06:02:13,020 [INFO] PluginManage:283 - PluginManage : Loaded plugins [18]
2025-06-29 06:02:13,206 [INFO] PinOutPanel:1589 - setPackage(No Configuration,No Configuration)
2025-06-29 06:02:13,270 [INFO] CADModel:165 - CPN selected for project level
2025-06-29 06:02:13,270 [INFO] CADModel:114 - Register for checkConnection events
2025-06-29 06:02:13,282 [INFO] IPUIPlugin:80 - create IPUIPlugin
2025-06-29 06:02:13,282 [INFO] PluginManager:220 - loadIPPluginJar : add adc
2025-06-29 06:02:13,284 [INFO] IPUIPlugin:80 - create IPUIPlugin
2025-06-29 06:02:13,284 [INFO] PluginManager:220 - loadIPPluginJar : add aes
2025-06-29 06:02:13,286 [INFO] IPUIPlugin:80 - create IPUIPlugin
2025-06-29 06:02:13,286 [INFO] PluginManager:220 - loadIPPluginJar : add can
2025-06-29 06:02:13,288 [INFO] IPUIPlugin:80 - create IPUIPlugin
2025-06-29 06:02:13,288 [INFO] PluginManager:220 - loadIPPluginJar : add comp
2025-06-29 06:02:13,289 [INFO] IPUIPlugin:80 - create IPUIPlugin
2025-06-29 06:02:13,289 [INFO] PluginManager:220 - loadIPPluginJar : add cryp
2025-06-29 06:02:13,292 [INFO] IPUIPlugin:80 - create IPUIPlugin
2025-06-29 06:02:13,292 [INFO] PluginManager:220 - loadIPPluginJar : add ddr_ctrl_phy
2025-06-29 06:02:13,294 [INFO] IPUIPlugin:80 - create IPUIPlugin
2025-06-29 06:02:13,294 [INFO] PluginManager:220 - loadIPPluginJar : add dfsdm
2025-06-29 06:02:13,297 [INFO] IPUIPlugin:80 - create IPUIPlugin
2025-06-29 06:02:13,298 [INFO] PluginManager:220 - loadIPPluginJar : add dma
2025-06-29 06:02:13,300 [INFO] IPUIPlugin:80 - create IPUIPlugin
2025-06-29 06:02:13,300 [INFO] PluginManager:220 - loadIPPluginJar : add dma3
2025-06-29 06:02:13,302 [INFO] IPUIPlugin:80 - create IPUIPlugin
2025-06-29 06:02:13,302 [INFO] PluginManager:220 - loadIPPluginJar : add extmemmanager
2025-06-29 06:02:13,305 [INFO] IPUIPlugin:80 - create IPUIPlugin
2025-06-29 06:02:13,305 [INFO] PluginManager:220 - loadIPPluginJar : add fatfs
2025-06-29 06:02:13,308 [INFO] IPUIPlugin:80 - create IPUIPlugin
2025-06-29 06:02:13,308 [INFO] PluginManager:220 - loadIPPluginJar : add fmc
2025-06-29 06:02:13,312 [INFO] IPUIPlugin:80 - create IPUIPlugin
2025-06-29 06:02:13,312 [INFO] PluginManager:220 - loadIPPluginJar : add freertos
2025-06-29 06:02:13,313 [INFO] IPUIPlugin:80 - create IPUIPlugin
2025-06-29 06:02:13,313 [INFO] PluginManager:220 - loadIPPluginJar : add genericplugin
2025-06-29 06:02:13,315 [INFO] IPUIPlugin:80 - create IPUIPlugin
2025-06-29 06:02:13,315 [INFO] PluginManager:220 - loadIPPluginJar : add gfxmmu
2025-06-29 06:02:13,317 [INFO] IPUIPlugin:80 - create IPUIPlugin
2025-06-29 06:02:13,317 [INFO] PluginManager:220 - loadIPPluginJar : add gic
2025-06-29 06:02:13,320 [INFO] IPUIPlugin:80 - create IPUIPlugin
2025-06-29 06:02:13,320 [INFO] PluginManager:220 - loadIPPluginJar : add gpio
2025-06-29 06:02:13,322 [INFO] IPUIPlugin:80 - create IPUIPlugin
2025-06-29 06:02:13,323 [INFO] PluginManager:220 - loadIPPluginJar : add gtzc
2025-06-29 06:02:13,324 [INFO] IPUIPlugin:80 - create IPUIPlugin
2025-06-29 06:02:13,325 [INFO] PluginManager:220 - loadIPPluginJar : add hash
2025-06-29 06:02:13,327 [INFO] IPUIPlugin:80 - create IPUIPlugin
2025-06-29 06:02:13,327 [INFO] PluginManager:220 - loadIPPluginJar : add i2c
2025-06-29 06:02:13,329 [INFO] IPUIPlugin:80 - create IPUIPlugin
2025-06-29 06:02:13,329 [INFO] PluginManager:220 - loadIPPluginJar : add i2s
2025-06-29 06:02:13,331 [INFO] IPUIPlugin:80 - create IPUIPlugin
2025-06-29 06:02:13,331 [INFO] PluginManager:220 - loadIPPluginJar : add i3c
2025-06-29 06:02:13,335 [INFO] IPUIPlugin:80 - create IPUIPlugin
2025-06-29 06:02:13,335 [INFO] PluginManager:220 - loadIPPluginJar : add ipddr
2025-06-29 06:02:13,341 [INFO] IPUIPlugin:80 - create IPUIPlugin
2025-06-29 06:02:13,342 [INFO] PluginManager:220 - loadIPPluginJar : add linkedlist
2025-06-29 06:02:13,346 [INFO] IPUIPlugin:80 - create IPUIPlugin
2025-06-29 06:02:13,346 [INFO] PluginManager:220 - loadIPPluginJar : add lorawan
2025-06-29 06:02:13,347 [INFO] IPUIPlugin:80 - create IPUIPlugin
2025-06-29 06:02:13,347 [INFO] PluginManager:220 - loadIPPluginJar : add ltdc
2025-06-29 06:02:13,351 [INFO] IPUIPlugin:80 - create IPUIPlugin
2025-06-29 06:02:13,351 [INFO] PluginManager:220 - loadIPPluginJar : add mdma
2025-06-29 06:02:13,354 [INFO] IPUIPlugin:80 - create IPUIPlugin
2025-06-29 06:02:13,354 [INFO] PluginManager:220 - loadIPPluginJar : add nvic
2025-06-29 06:02:13,355 [INFO] IPUIPlugin:80 - create IPUIPlugin
2025-06-29 06:02:13,355 [INFO] PluginManager:220 - loadIPPluginJar : add opamp
2025-06-29 06:02:13,357 [INFO] IPUIPlugin:80 - create IPUIPlugin
2025-06-29 06:02:13,357 [INFO] PluginManager:220 - loadIPPluginJar : add openamp
2025-06-29 06:02:13,359 [INFO] IPUIPlugin:80 - create IPUIPlugin
2025-06-29 06:02:13,359 [INFO] PluginManager:220 - loadIPPluginJar : add pdm2pcm
2025-06-29 06:02:13,365 [INFO] IPUIPlugin:80 - create IPUIPlugin
2025-06-29 06:02:13,367 [INFO] PluginManager:220 - loadIPPluginJar : add plateformsettings
2025-06-29 06:02:13,369 [INFO] IPUIPlugin:80 - create IPUIPlugin
2025-06-29 06:02:13,369 [INFO] PluginManager:220 - loadIPPluginJar : add quadspi
2025-06-29 06:02:13,370 [INFO] IPUIPlugin:80 - create IPUIPlugin
2025-06-29 06:02:13,370 [INFO] PluginManager:220 - loadIPPluginJar : add radio
2025-06-29 06:02:13,373 [INFO] IPUIPlugin:80 - create IPUIPlugin
2025-06-29 06:02:13,374 [INFO] PluginManager:220 - loadIPPluginJar : add resmgrutility
2025-06-29 06:02:13,376 [INFO] IPUIPlugin:80 - create IPUIPlugin
2025-06-29 06:02:13,376 [INFO] PluginManager:220 - loadIPPluginJar : add sai
2025-06-29 06:02:13,379 [INFO] IPUIPlugin:80 - create IPUIPlugin
2025-06-29 06:02:13,379 [INFO] PluginManager:220 - loadIPPluginJar : add spi
2025-06-29 06:02:13,384 [INFO] IPUIPlugin:80 - create IPUIPlugin
2025-06-29 06:02:13,384 [INFO] PluginManager:220 - loadIPPluginJar : add stm32_wpan
2025-06-29 06:02:13,386 [INFO] IPUIPlugin:80 - create IPUIPlugin
2025-06-29 06:02:13,386 [INFO] PluginManager:220 - loadIPPluginJar : add tim
2025-06-29 06:02:13,389 [INFO] IPUIPlugin:80 - create IPUIPlugin
2025-06-29 06:02:13,389 [INFO] PluginManager:220 - loadIPPluginJar : add touchsensing
2025-06-29 06:02:13,391 [INFO] IPUIPlugin:80 - create IPUIPlugin
2025-06-29 06:02:13,391 [INFO] PluginManager:220 - loadIPPluginJar : add tracer_emb
2025-06-29 06:02:13,393 [INFO] IPUIPlugin:80 - create IPUIPlugin
2025-06-29 06:02:13,393 [INFO] PluginManager:220 - loadIPPluginJar : add ts
2025-06-29 06:02:13,394 [INFO] IPUIPlugin:80 - create IPUIPlugin
2025-06-29 06:02:13,394 [INFO] PluginManager:220 - loadIPPluginJar : add tsc
2025-06-29 06:02:13,395 [INFO] IPUIPlugin:80 - create IPUIPlugin
2025-06-29 06:02:13,396 [INFO] PluginManager:220 - loadIPPluginJar : add ucpd
2025-06-29 06:02:13,398 [INFO] IPUIPlugin:80 - create IPUIPlugin
2025-06-29 06:02:13,398 [INFO] PluginManager:220 - loadIPPluginJar : add usart
2025-06-29 06:02:13,402 [INFO] IPUIPlugin:80 - create IPUIPlugin
2025-06-29 06:02:13,402 [INFO] PluginManager:220 - loadIPPluginJar : add usbx
2025-06-29 06:02:13,516 [FATAL] Updater:351 - Updater called before beeing initialized
2025-06-29 06:02:13,539 [INFO] RulesReader:64 - Compatibility file has been processed (302 Rules)
2025-06-29 06:02:13,546 [INFO] RulesReader:64 - Compatibility file has been processed (302 Rules)
2025-06-29 06:02:13,553 [INFO] CADModel:165 - CPN selected for project level
2025-06-29 06:02:13,553 [INFO] CADModel:114 - Register for checkConnection events
2025-06-29 06:02:13,553 [FATAL] Updater:351 - Updater called before beeing initialized
2025-06-29 06:02:13,553 [ERROR] CADModel:125 - Updater not yet initialized, retry later 
2025-06-29 06:02:13,684 [FATAL] Updater:351 - Updater called before beeing initialized
2025-06-29 06:02:13,686 [INFO] CADModel:165 - CPN selected for project level
2025-06-29 06:02:13,686 [INFO] CADModel:114 - Register for checkConnection events
2025-06-29 06:02:13,686 [FATAL] Updater:351 - Updater called before beeing initialized
2025-06-29 06:02:13,686 [ERROR] CADModel:125 - Updater not yet initialized, retry later 
2025-06-29 06:02:13,689 [FATAL] Updater:351 - Updater called before beeing initialized
2025-06-29 06:02:13,757 [FATAL] Updater:351 - Updater called before beeing initialized
2025-06-29 06:02:13,760 [INFO] DbMcusAds:53 - JSON generation date=Thu Jun 19 16:32:34 CST 2025 (1750321954415)
2025-06-29 06:02:13,760 [FATAL] Updater:351 - Updater called before beeing initialized
2025-06-29 06:02:13,788 [WARN] DetailPanel:346 - Failed to get advertising image, set to default
2025-06-29 06:02:13,956 [FATAL] Updater:351 - Updater called before beeing initialized
2025-06-29 06:02:13,958 [FATAL] Updater:351 - Updater called before beeing initialized
2025-06-29 06:02:13,958 [FATAL] Updater:351 - Updater called before beeing initialized
2025-06-29 06:02:13,958 [WARN] DetailPanel:346 - Failed to get advertising image, set to default
2025-06-29 06:02:13,959 [FATAL] Updater:351 - Updater called before beeing initialized
2025-06-29 06:02:13,999 [ERROR] Updater:1198 - MainUpdater not yet initialized. External WinMGr cannot be set.
2025-06-29 06:02:14,002 [INFO] Updater:1134 - Updater Version found : 6.14.1
2025-06-29 06:02:14,017 [INFO] ApplicationProperties:184 - Using Application install path: C:\ST\STM32CubeIDE_1.18.1\STM32CubeIDE\plugins\com.st.stm32cube.common.mx_6.14.1.202504091515
2025-06-29 06:02:15,314 [INFO] MainUpdater:2872 - connection check result : 10
2025-06-29 06:02:15,314 [INFO] MainUpdater:289 - Updater Check For Update Now.
2025-06-29 06:02:15,315 [INFO] MicroXplorer:498 - Change Database Version : DB.6.0.141
2025-06-29 06:02:15,324 [INFO] McuFinderGlobals:63 - Set McuFinder mode to 2 (CubeIDE integrated)
2025-06-29 06:02:15,325 [INFO] UserAuth:484 - Internet connection configuration mode: 1
2025-06-29 06:02:15,360 [INFO] JxBrowserEngine:152 - Initiate JxBrowser Engine with user profile folder
2025-06-29 06:02:15,479 [INFO] CheckServerUpdateThread:120 - End of CheckServer Thread
2025-06-29 06:02:16,032 [WARN] PackLoader:240 - Cannot read IP mode file for STMicroelectronics.FP-SNS-MOTENVWB1.1.4.0
2025-06-29 06:02:16,037 [WARN] PackLoader:240 - Cannot read IP mode file for STMicroelectronics.FP-ATR-ASTRA1.2.0.2
2025-06-29 06:02:16,043 [WARN] PackLoader:240 - Cannot read IP mode file for STMicroelectronics.X-CUBE-SMBUS.2.1.0
2025-06-29 06:02:16,047 [WARN] PackLoader:240 - Cannot read IP mode file for STMicroelectronics.X-CUBE-ST60.1.0.0
2025-06-29 06:02:16,069 [WARN] PackLoader:240 - Cannot read IP mode file for STMicroelectronics.X-CUBE-AZRTOS-F7.1.1.0
2025-06-29 06:02:16,089 [WARN] PackLoader:240 - Cannot read IP mode file for Infineon.AIROC-Wi-Fi-Bluetooth-STM32.1.7.0
2025-06-29 06:02:16,098 [WARN] PackLoader:240 - Cannot read IP mode file for STMicroelectronics.X-CUBE-DISPLAY.3.0.0
2025-06-29 06:02:16,110 [WARN] PackLoader:240 - Cannot read IP mode file for STMicroelectronics.X-CUBE-NFC10.1.0.0
2025-06-29 06:02:16,118 [WARN] PackLoader:240 - Cannot read IP mode file for STMicroelectronics.X-CUBE-BLEMGR.4.0.0
2025-06-29 06:02:16,124 [WARN] PackLoader:240 - Cannot read IP mode file for emotas.I-CUBE-CANOPEN.1.3.0
2025-06-29 06:02:16,127 [WARN] ConditionMgr:438 - getConditionDescription Invalid condition id : Cortex-A Device cause : null
2025-06-29 06:02:16,142 [INFO] LogOutputStream:77 - [STDOUT_REDIRECT] [ThirdParty] unknown protocol: c
2025-06-29 06:02:16,142 [WARN] PackLoader:240 - Cannot read IP mode file for quantropi.X-CUBE-qispace-sdk-base.2.0.0
2025-06-29 06:02:16,142 [WARN] ConditionMgr:1044 - genDependencies : Invalid condition id : Cortex-A Device cause : null
2025-06-29 06:02:16,143 [WARN] ConditionMgr:1044 - genDependencies : Invalid condition id : Cortex-A Device cause : null
2025-06-29 06:02:16,143 [WARN] ConditionMgr:1044 - genDependencies : Invalid condition id : Cortex-A Device cause : null
2025-06-29 06:02:16,146 [WARN] PackLoader:240 - Cannot read IP mode file for STMicroelectronics.FP-SNS-SMARTAG2.1.2.0
2025-06-29 06:02:16,150 [WARN] PackLoader:240 - Cannot read IP mode file for STMicroelectronics.FP-SNS-FLIGHT1.5.1.0
2025-06-29 06:02:16,158 [INFO] LogOutputStream:77 - [STDOUT_REDIRECT] 1 : Invalid condition id : UX_CORESTACK_Condition cause : null
2025-06-29 06:02:16,158 [INFO] LogOutputStream:77 - [STDOUT_REDIRECT] 1 : Invalid condition id : UX_CORESTACK_Condition cause : null
2025-06-29 06:02:16,159 [INFO] LogOutputStream:77 - [STDOUT_REDIRECT] 1 : Invalid condition id : UX_CORESTACK_Condition cause : null
2025-06-29 06:02:16,160 [INFO] LogOutputStream:77 - [STDOUT_REDIRECT] 1 : Invalid condition id : UX_CORESTACK_Condition cause : null
2025-06-29 06:02:16,161 [INFO] LogOutputStream:77 - [STDOUT_REDIRECT] 1 : Invalid condition id : UX_CORESTACK_Condition cause : null
2025-06-29 06:02:16,162 [WARN] PackLoader:240 - Cannot read IP mode file for STMicroelectronics.X-CUBE-AZRTOS-WL.2.0.0
2025-06-29 06:02:16,167 [WARN] PackLoader:240 - Cannot read IP mode file for STMicroelectronics.FP-SNS-MOTENV1.5.0.0
2025-06-29 06:02:16,171 [WARN] PackLoader:240 - Cannot read IP mode file for STMicroelectronics.X-CUBE-BLE2.3.3.0
2025-06-29 06:02:16,176 [WARN] PackLoader:240 - Cannot read IP mode file for STMicroelectronics.X-CUBE-NFC9.1.0.0
2025-06-29 06:02:16,181 [WARN] PackLoader:240 - Cannot read IP mode file for wolfSSL.I-CUBE-wolfSSL.5.8.0
2025-06-29 06:02:16,184 [WARN] PackLoader:240 - Cannot read IP mode file for STMicroelectronics.X-CUBE-BLE1.7.1.0
2025-06-29 06:02:16,187 [WARN] PackLoader:240 - Cannot read IP mode file for wolfSSL.I-CUBE-wolfMQTT.1.19.2
2025-06-29 06:02:16,190 [WARN] PackLoader:240 - Cannot read IP mode file for STMicroelectronics.X-CUBE-AI.10.1.0
2025-06-29 06:02:16,206 [WARN] PackLoader:240 - Cannot read IP mode file for STMicroelectronics.X-CUBE-AZRTOS-G0.1.1.0
2025-06-29 06:02:16,214 [WARN] PackLoader:240 - Cannot read IP mode file for STMicroelectronics.X-CUBE-SAFEA1.1.2.2
2025-06-29 06:02:16,219 [WARN] PackLoader:240 - Cannot read IP mode file for STMicroelectronics.X-CUBE-NFC4.3.0.0
2025-06-29 06:02:16,229 [WARN] PackLoader:240 - Cannot read IP mode file for EmbeddedOffice.I-CUBE-FS-RTOS.1.0.1
2025-06-29 06:02:16,234 [WARN] PackLoader:240 - Cannot read IP mode file for STMicroelectronics.X-CUBE-WB05N.2.0.0
2025-06-29 06:02:16,239 [WARN] PackLoader:240 - Cannot read IP mode file for wolfSSL.I-CUBE-wolfTPM.3.8.0
2025-06-29 06:02:16,256 [WARN] PackLoader:240 - Cannot read IP mode file for STMicroelectronics.X-CUBE-TCPP.4.2.0
2025-06-29 06:02:16,265 [WARN] PackLoader:240 - Cannot read IP mode file for RealThread.X-CUBE-RT-Thread_Nano.4.1.1
2025-06-29 06:02:16,270 [WARN] PackLoader:240 - Cannot read IP mode file for STMicroelectronics.FP-ATR-SIGFOX1.3.2.0
2025-06-29 06:02:16,276 [WARN] PackLoader:240 - Cannot read IP mode file for STMicroelectronics.X-CUBE-EEPRMA1.5.1.0
2025-06-29 06:02:16,284 [WARN] PackLoader:240 - Cannot read IP mode file for ITTIA_DB.I-CUBE-ITTIADB.8.9.0
2025-06-29 06:02:16,292 [WARN] PackLoader:240 - Cannot read IP mode file for STMicroelectronics.X-CUBE-ST67W61.1.0.0
2025-06-29 06:02:16,312 [WARN] PackLoader:240 - Cannot read IP mode file for SEGGER.I-CUBE-embOS.1.3.1
2025-06-29 06:02:16,334 [WARN] PackLoader:240 - Cannot read IP mode file for STMicroelectronics.X-CUBE-ALGOBUILD.1.4.0
2025-06-29 06:02:16,356 [WARN] PackLoader:240 - Cannot read IP mode file for STMicroelectronics.X-CUBE-MEMS1.11.3.0
2025-06-29 06:02:16,415 [WARN] PackLoader:240 - Cannot read IP mode file for STMicroelectronics.X-CUBE-PM33A1.1.0.0
2025-06-29 06:02:16,424 [WARN] PackLoader:240 - Cannot read IP mode file for STMicroelectronics.X-CUBE-AZRTOS-F4.1.1.0
2025-06-29 06:02:16,427 [WARN] PackLoader:240 - Cannot read IP mode file for Avnet-IotConnect.X-CUBE-IoTC-DA16k-PMOD.1.0.0
2025-06-29 06:02:16,429 [WARN] PackLoader:240 - Cannot read IP mode file for STMicroelectronics.X-CUBE-ISPU.2.1.0
2025-06-29 06:02:16,438 [WARN] PackLoader:240 - Cannot read IP mode file for STMicroelectronics.X-CUBE-AZRTOS-L5.2.0.0
2025-06-29 06:02:16,444 [WARN] PackLoader:240 - Cannot read IP mode file for STMicroelectronics.X-CUBE-NFC6.3.1.0
2025-06-29 06:02:16,448 [WARN] PackLoader:240 - Cannot read IP mode file for STMicroelectronics.X-CUBE-FREERTOS.1.3.1
2025-06-29 06:02:16,452 [WARN] PackLoader:240 - Cannot read IP mode file for STMicroelectronics.FP-SNS-STAIOTCFT.1.0.0
2025-06-29 06:02:16,455 [WARN] PackLoader:240 - Cannot read IP mode file for STMicroelectronics.X-CUBE-DPower.1.3.0
2025-06-29 06:02:16,464 [WARN] ConditionMgr:438 - getConditionDescription Invalid condition id : LAN8742 Phy interface Condition cause : null
2025-06-29 06:02:16,465 [WARN] PackLoader:240 - Cannot read IP mode file for STMicroelectronics.X-CUBE-AZRTOS-L4.2.0.0
2025-06-29 06:02:16,465 [WARN] ConditionMgr:1044 - genDependencies : Invalid condition id : LAN8742 Phy interface Condition cause : null
2025-06-29 06:02:16,466 [WARN] ConditionMgr:1044 - genDependencies : Invalid condition id : LAN8742 Phy interface Condition cause : null
2025-06-29 06:02:16,466 [WARN] ConditionMgr:1044 - genDependencies : Invalid condition id : LAN8742 Phy interface Condition cause : null
2025-06-29 06:02:16,471 [WARN] PackLoader:240 - Cannot read IP mode file for STMicroelectronics.X-CUBE-SFXS2LP1.4.0.0
2025-06-29 06:02:16,487 [WARN] PackLoader:240 - Cannot read IP mode file for STMicroelectronics.X-CUBE-AZRTOS-H7.3.3.0
2025-06-29 06:02:16,497 [WARN] ConditionMgr:438 - getConditionDescription Invalid condition id : UX DEVICE CLASS RTOS Condition cause : null
2025-06-29 06:02:16,497 [WARN] ConditionMgr:438 - getConditionDescription Invalid condition id : UX DEVICE CLASS RTOS Condition cause : null
2025-06-29 06:02:16,499 [WARN] PackLoader:240 - Cannot read IP mode file for STMicroelectronics.X-CUBE-AZRTOS-WB.2.0.0
2025-06-29 06:02:16,499 [WARN] ConditionMgr:1044 - genDependencies : Invalid condition id : UX DEVICE CLASS RTOS Condition cause : null
2025-06-29 06:02:16,500 [WARN] ConditionMgr:1044 - genDependencies : Invalid condition id : UX DEVICE CLASS RTOS Condition cause : null
2025-06-29 06:02:16,500 [WARN] ConditionMgr:1044 - genDependencies : Invalid condition id : UX DEVICE CLASS RTOS Condition cause : null
2025-06-29 06:02:16,500 [WARN] ConditionMgr:1044 - genDependencies : Invalid condition id : UX DEVICE CLASS RTOS Condition cause : null
2025-06-29 06:02:16,500 [WARN] ConditionMgr:1044 - genDependencies : Invalid condition id : UX DEVICE CLASS RTOS Condition cause : null
2025-06-29 06:02:16,506 [WARN] PackLoader:240 - Cannot read IP mode file for STMicroelectronics.X-CUBE-GNSS1.7.0.1
2025-06-29 06:02:16,511 [WARN] PackLoader:240 - Cannot read IP mode file for STMicroelectronics.X-CUBE-TOUCHGFX.4.25.0
2025-06-29 06:02:16,516 [WARN] PackLoader:240 - Cannot read IP mode file for STMicroelectronics.FP-SNS-STBOX1.2.0.0
2025-06-29 06:02:16,525 [WARN] PackLoader:240 - Cannot read IP mode file for STMicroelectronics.X-CUBE-SUBG2.5.0.0
2025-06-29 06:02:16,539 [WARN] PackLoader:240 - Cannot read IP mode file for STMicroelectronics.X-CUBE-AZRTOS-H7RS.1.1.0
2025-06-29 06:02:16,545 [WARN] PackLoader:240 - Cannot read IP mode file for Cesanta.I-CUBE-Mongoose.7.13.0
2025-06-29 06:02:16,553 [WARN] PackLoader:240 - Cannot read IP mode file for STMicroelectronics.X-CUBE-AZRTOS-G4.2.0.0
2025-06-29 06:02:16,557 [WARN] PackLoader:240 - Cannot read IP mode file for wolfSSL.I-CUBE-wolfSSH.1.4.20
2025-06-29 06:02:16,560 [WARN] PackLoader:240 - Cannot read IP mode file for STMicroelectronics.X-CUBE-NFC7.2.0.0
2025-06-29 06:02:16,567 [WARN] PackLoader:240 - Cannot read IP mode file for STMicroelectronics.X-CUBE-IPS.3.1.0
2025-06-29 06:02:16,573 [WARN] PackLoader:240 - Cannot read IP mode file for STMicroelectronics.X-CUBE-ALS.1.0.2
2025-06-29 06:02:16,577 [WARN] PackLoader:240 - Cannot read IP mode file for portGmbH.I-Cube-SoM-uGOAL.1.1.0
2025-06-29 06:02:16,583 [WARN] PackLoader:240 - Cannot read IP mode file for STMicroelectronics.X-CUBE-TOF1.3.4.3
2025-06-29 06:02:16,589 [INFO] ThirdParty:978 - Integrity check success = true
2025-06-29 06:02:16,589 [INFO] IntegrityCheckThread:100 - exiting critical section [integrity check]
2025-06-29 06:02:16,589 [INFO] IntegrityCheckThread:103 - End integrity checks thread
2025-06-29 06:02:17,472 [INFO] WebApp:169 - Instantiating new browser for Auth
2025-06-29 06:02:18,603 [INFO] WebApp:463 - Apply proxy settings
2025-06-29 06:02:18,603 [INFO] WebApp:548 - Chromium requires no authentication
2025-06-29 06:02:18,613 [INFO] WebApp:491 - Direct internet connection detected
2025-06-29 06:02:18,652 [INFO] WebApp:894 - Register for checkConnection events
2025-06-29 06:02:18,652 [INFO] WebApp:463 - Apply proxy settings
2025-06-29 06:02:18,652 [INFO] WebApp:548 - Chromium requires no authentication
2025-06-29 06:02:18,653 [INFO] WebApp:491 - Direct internet connection detected
2025-06-29 06:02:18,815 [INFO] WebApp:225 - Starting web application
2025-06-29 06:02:18,815 [INFO] WebApp:593 - Web application path used C:\ST\STM32CubeIDE_1.18.1\STM32CubeIDE\plugins\com.st.stm32cube.common.mx_6.14.1.202504091515\db\plugins\mcufinder\reactClient1\index.html
2025-06-29 06:02:18,937 [INFO] UserAuth:484 - Internet connection configuration mode: 1
